2019-05-18 09:54:33,019 - ITSScraper - INFO - Current OS, are we on linux? True
2019-05-18 09:54:36,581 - ITSScraper - INFO - Using default linux dir
2019-05-18 09:57:24,061 - ITSScraper - INFO - Current OS, are we on linux? True
2019-05-18 09:57:26,630 - ITSScraper - INFO - Using default linux dir
2019-05-18 09:57:40,547 - ITSScraper - INFO - 1 results found for barcode 5013969704808
2019-05-18 10:00:34,413 - ITSScraper - INFO - Current OS, are we on linux? True
2019-05-18 10:00:36,158 - ITSScraper - INFO - Using default linux dir
2019-05-18 10:00:42,956 - ITSScraper - INFO - 1 results found for barcode 5013969704808
2019-05-18 10:00:50,039 - ITSScraper - INFO - Current OS, are we on linux? True
2019-05-18 10:00:50,040 - ITSScraper - INFO - Using default linux dir
2019-05-18 10:00:55,501 - ITSScraper - INFO - 1 results found for barcode 5013969704808
2019-05-18 10:01:07,244 - ITSScraper - INFO - Current OS, are we on linux? True
2019-05-18 10:01:07,257 - ITSScraper - INFO - Using default linux dir
2019-05-18 10:01:12,877 - ITSScraper - INFO - 1 results found for barcode 5013969704808
2019-05-18 10:02:04,148 - ITSScraper - INFO - Current OS, are we on linux? True
2019-05-18 10:02:04,148 - ITSScraper - INFO - Using default linux dir
2019-05-18 10:02:08,338 - ITSScraper - INFO - 1 results found for barcode 5013969704808
2019-05-18 10:02:12,643 - ITSScraper - INFO - Current OS, are we on linux? True
2019-05-18 10:02:12,643 - ITSScraper - INFO - Using default linux dir
2019-05-18 10:02:18,493 - ITSScraper - INFO - 1 results found for barcode 5013969704808
2019-05-18 10:04:58,073 - ITSScraper - INFO - Current OS, are we on linux? True
2019-05-18 10:04:58,074 - ITSScraper - INFO - Using default linux dir
2019-05-18 10:05:02,205 - ITSScraper - INFO - 1 results found for barcode 5013969704808
2019-05-18 10:05:08,025 - ITSScraper - INFO - Current OS, are we on linux? True
2019-05-18 10:05:08,025 - ITSScraper - INFO - Using default linux dir
2019-05-18 10:05:13,908 - ITSScraper - INFO - 1 results found for barcode 5013969704808
2019-05-18 10:05:32,933 - ITSScraper - INFO - Current OS, are we on linux? True
2019-05-18 10:05:32,934 - ITSScraper - INFO - Using default linux dir
2019-05-18 10:05:36,704 - ITSScraper - INFO - 1 results found for barcode 5013969704808
2019-05-18 10:06:58,191 - ITSScraper - INFO - Current OS, are we on linux? True
2019-05-18 10:06:58,192 - ITSScraper - INFO - Using default linux dir
2019-05-18 10:07:03,471 - ITSScraper - INFO - 1 results found for barcode 5013969704808
2019-05-18 10:09:28,361 - ITSScraper - INFO - Current OS, are we on linux? True
2019-05-18 10:09:28,362 - ITSScraper - INFO - Using default linux dir
2019-05-18 10:09:33,498 - ITSScraper - INFO - 1 results found for barcode 5013969704808
2019-05-18 10:10:32,682 - ITSScraper - INFO - Current OS, are we on linux? True
2019-05-18 10:10:32,683 - ITSScraper - INFO - Using default linux dir
2019-05-18 10:10:36,639 - ITSScraper - INFO - 1 results found for barcode 5013969704808
2019-05-18 10:11:07,281 - ITSScraper - INFO - Current OS, are we on linux? True
2019-05-18 10:11:07,281 - ITSScraper - INFO - Using default linux dir
2019-05-18 10:11:11,327 - ITSScraper - INFO - 1 results found for barcode 5013969704808
2019-05-18 10:12:39,946 - ITSScraper - INFO - Current OS, are we on linux? True
2019-05-18 10:12:39,947 - ITSScraper - INFO - Using default linux dir
2019-05-18 10:12:44,183 - ITSScraper - INFO - 1 results found for barcode 5013969704808
2019-05-18 10:13:43,969 - ITSScraper - INFO - Current OS, are we on linux? True
2019-05-18 10:13:43,969 - ITSScraper - INFO - Using default linux dir
2019-05-18 10:13:47,915 - ITSScraper - INFO - 1 results found for barcode 5013969704808
2019-05-18 10:14:55,490 - ITSScraper - INFO - Current OS, are we on linux? True
2019-05-18 10:14:55,490 - ITSScraper - INFO - Using default linux dir
2019-05-18 10:14:59,569 - ITSScraper - INFO - 1 results found for barcode 5013969704808
2019-05-18 10:26:17,715 - ITSScraper - INFO - Current OS, are we on linux? True
2019-05-18 10:26:17,716 - ITSScraper - INFO - Using default linux dir
2019-05-18 10:26:23,391 - ITSScraper - INFO - 1 results found for barcode 5706915057058
2019-05-18 10:26:26,917 - ITSScraper - INFO - Using default linux dir
2019-05-18 10:26:32,074 - ITSScraper - INFO - 1 results found for barcode 5013969704808
2019-05-18 10:26:35,455 - ITSScraper - INFO - Using default linux dir
2019-05-18 10:29:09,269 - ITSScraper - INFO - Current OS, are we on linux? True
2019-05-18 10:29:09,269 - ITSScraper - INFO - Using default linux dir
2019-05-18 10:29:33,049 - ITSScraper - INFO - Current OS, are we on linux? True
2019-05-18 10:29:33,064 - ITSScraper - INFO - Using default linux dir
2019-05-18 10:29:58,175 - ITSScraper - INFO - Current OS, are we on linux? True
2019-05-18 10:29:58,176 - ITSScraper - INFO - Using default linux dir
2019-05-18 10:30:05,916 - ITSScraper - INFO - Current OS, are we on linux? True
2019-05-18 10:30:05,928 - ITSScraper - INFO - Using default linux dir
2019-05-18 10:30:13,059 - ITSScraper - INFO - 1 results found for barcode 5706915057058
2019-05-18 10:31:01,138 - ITSScraper - INFO - Current OS, are we on linux? True
2019-05-18 10:31:01,138 - ITSScraper - INFO - Using default linux dir
2019-05-18 10:31:06,544 - ITSScraper - INFO - 1 results found for barcode 5706915057058
2019-05-18 10:31:10,721 - ITSScraper - INFO - 1 results found for barcode 5013969704808
2019-05-18 10:31:14,063 - ITSScraper - INFO - 1 results found for barcode 3253560422875
2019-05-18 10:31:17,410 - ITSScraper - INFO - 1 results found for barcode 045242342211
2019-05-18 10:32:24,328 - ITSScraper - INFO - Current OS, are we on linux? True
2019-05-18 10:32:24,328 - ITSScraper - INFO - Using default linux dir
2019-05-18 10:32:30,154 - ITSScraper - INFO - 1 results found for barcode 5706915057058
2019-05-18 10:32:34,902 - ITSScraper - INFO - 1 results found for barcode 5013969704808
2019-05-18 10:32:38,929 - ITSScraper - INFO - 1 results found for barcode 3253560422875
2019-05-18 10:32:42,371 - ITSScraper - INFO - 1 results found for barcode 045242342211
2019-05-18 10:33:52,309 - ITSScraper - INFO - Current OS, are we on linux? True
2019-05-18 10:33:52,309 - ITSScraper - INFO - Using default linux dir
2019-05-18 10:33:57,612 - ITSScraper - INFO - 1 results found for barcode 5706915057058
2019-05-18 10:34:02,865 - ITSScraper - INFO - 1 results found for barcode 5013969704808
2019-05-18 10:34:06,578 - ITSScraper - INFO - 1 results found for barcode 3253560422875
2019-05-18 10:34:10,017 - ITSScraper - INFO - 1 results found for barcode 045242342211
2019-05-18 10:34:13,760 - ITSScraper - INFO - 1 results found for barcode 9341231040160
2019-05-18 10:44:29,515 - ITSScraper - INFO - Current OS, are we on linux? True
2019-05-18 10:44:50,860 - ITSScraper - INFO - Current OS, are we on linux? True
2019-05-18 10:48:41,341 - ITSScraper - INFO - Current OS, are we on linux? True
2019-05-18 10:48:41,369 - ITSScraper - INFO - Using default linux dir
2019-05-18 10:48:46,289 - ITSScraper - INFO - 1 results found for barcode 5706915057058
2019-05-18 10:48:57,138 - ITSScraper - INFO - Current OS, are we on linux? True
2019-05-18 10:48:57,138 - ITSScraper - INFO - Using default linux dir
2019-05-18 10:49:04,998 - ITSScraper - INFO - 1 results found for barcode 5013969704808
2019-05-18 10:49:09,080 - ITSScraper - INFO - 1 results found for barcode 3253560422875
2019-05-18 10:49:12,683 - ITSScraper - INFO - 1 results found for barcode 045242342211
2019-05-18 10:49:16,339 - ITSScraper - INFO - 1 results found for barcode 9341231040160
2019-05-18 10:53:17,102 - ITSScraper - INFO - Current OS, are we on linux? True
2019-05-18 10:53:50,887 - ITSScraper - INFO - Current OS, are we on linux? True
2019-05-18 10:55:46,214 - ITSScraper - INFO - Current OS, are we on linux? True
2019-05-18 10:56:09,766 - ITSScraper - INFO - Current OS, are we on linux? True
2019-05-18 10:56:35,529 - ITSScraper - INFO - Current OS, are we on linux? True
2019-05-18 10:56:40,022 - ITSScraper - INFO - Using default linux dir
2019-05-18 10:57:18,822 - ITSScraper - INFO - Current OS, are we on linux? True
2019-05-18 10:58:01,872 - ITSScraper - INFO - Current OS, are we on linux? True
2019-05-18 10:58:37,749 - ITSScraper - INFO - Current OS, are we on linux? True
2019-05-18 10:58:37,750 - ITSScraper - INFO - Using default linux dir
2019-05-18 10:58:43,114 - ITSScraper - INFO - 1 results found for barcode 5706915057058
2019-05-18 10:58:47,562 - ITSScraper - INFO - 1 results found for barcode 5013969704808
2019-05-18 10:58:51,317 - ITSScraper - INFO - 1 results found for barcode 3253560422875
2019-05-18 10:58:54,817 - ITSScraper - INFO - 1 results found for barcode 045242342211
2019-05-18 10:58:58,476 - ITSScraper - INFO - 1 results found for barcode 9341231040160
2019-05-18 10:59:41,117 - ITSScraper - INFO - Current OS, are we on linux? True
2019-05-18 10:59:41,118 - ITSScraper - INFO - Using default linux dir
2019-05-18 10:59:46,805 - ITSScraper - INFO - 1 results found for barcode 5706915057058
2019-05-18 10:59:53,472 - ITSScraper - INFO - 1 results found for barcode 5013969704808
2019-05-18 10:59:57,124 - ITSScraper - INFO - 1 results found for barcode 3253560422875
2019-05-18 11:00:00,640 - ITSScraper - INFO - 1 results found for barcode 045242342211
2019-05-18 11:00:04,358 - ITSScraper - INFO - 1 results found for barcode 9341231040160
2019-05-18 11:01:30,693 - ITSScraper - INFO - Current OS, are we on linux? True
2019-05-18 11:01:30,694 - ITSScraper - INFO - Using default linux dir
2019-05-18 11:01:45,499 - ITSScraper - INFO - Current OS, are we on linux? True
2019-05-18 11:01:45,499 - ITSScraper - INFO - Using default linux dir
2019-05-18 11:01:50,823 - ITSScraper - INFO - 1 results found for barcode 6416868683004
2019-05-18 11:01:56,398 - ITSScraper - INFO - 1 results found for barcode 4002395301539
2019-05-18 11:03:10,545 - ITSScraper - INFO - Current OS, are we on linux? True
2019-05-18 11:03:10,545 - ITSScraper - DEBUG - Writing to file
2019-05-18 11:03:10,545 - ITSScraper - INFO - Using default linux dir
2019-05-18 11:03:12,537 - ITSScraper - DEBUG - Processing element: 0 of 349
2019-05-18 11:03:16,065 - ITSScraper - INFO - 1 results found for barcode 6416868683004
2019-05-18 11:03:19,816 - ITSScraper - DEBUG - Processing element: 0 of 349
2019-05-18 11:03:21,352 - ITSScraper - INFO - 1 results found for barcode 4002395301539
2019-05-18 11:03:23,768 - ITSScraper - DEBUG - Processing element: 0 of 349
2019-05-18 11:03:25,542 - ITSScraper - INFO - 1 results found for barcode 4002395301508
2019-05-18 11:03:29,039 - ITSScraper - DEBUG - Processing element: 0 of 349
2019-05-18 11:03:30,414 - ITSScraper - INFO - 0 results found for barcode 42326312382
2019-05-18 11:03:30,415 - ITSScraper - DEBUG - Too many results, ignoring 42326312382
2019-05-18 11:03:30,415 - ITSScraper - DEBUG - Processing element: 0 of 349
2019-05-18 11:03:31,585 - ITSScraper - INFO - 1 results found for barcode 4002395312375
2019-05-18 11:03:33,777 - ITSScraper - DEBUG - Processing element: 0 of 349
2019-05-18 11:03:35,208 - ITSScraper - INFO - 1 results found for barcode 4002395301591
2019-05-18 11:03:39,089 - ITSScraper - DEBUG - Processing element: 0 of 349
2019-05-18 11:03:40,598 - ITSScraper - INFO - 1 results found for barcode 6416868684186
2019-05-18 11:03:43,599 - ITSScraper - DEBUG - Processing element: 0 of 349
2019-05-18 11:03:45,036 - ITSScraper - INFO - 0 results found for barcode 5035048042779
2019-05-18 11:03:45,037 - ITSScraper - DEBUG - Too many results, ignoring 5035048042779
2019-05-18 11:03:45,037 - ITSScraper - DEBUG - Processing element: 0 of 349
2019-05-18 11:03:47,151 - ITSScraper - INFO - 2 results found for barcode 5035048042793
2019-05-18 11:03:47,152 - ITSScraper - DEBUG - Too many results, ignoring 5035048042793
2019-05-18 11:03:47,152 - ITSScraper - DEBUG - Processing element: 0 of 349
2019-05-18 11:03:49,181 - ITSScraper - INFO - 2 results found for barcode 5035048042786
2019-05-18 11:03:49,181 - ITSScraper - DEBUG - Too many results, ignoring 5035048042786
2019-05-18 11:03:49,181 - ITSScraper - DEBUG - Processing element: 0 of 349
2019-05-18 11:03:50,934 - ITSScraper - INFO - 0 results found for barcode 6416868271454
2019-05-18 11:03:50,934 - ITSScraper - DEBUG - Too many results, ignoring 6416868271454
2019-05-18 11:03:50,935 - ITSScraper - DEBUG - Processing element: 0 of 349
2019-05-18 11:03:52,888 - ITSScraper - INFO - 0 results found for barcode 5011402333738
2019-05-18 11:03:52,888 - ITSScraper - DEBUG - Too many results, ignoring 5011402333738
2019-05-18 11:03:52,888 - ITSScraper - DEBUG - Processing element: 0 of 349
2019-05-18 11:03:54,482 - ITSScraper - INFO - 0 results found for barcode 5032759022212
2019-05-18 11:03:54,482 - ITSScraper - DEBUG - Too many results, ignoring 5032759022212
2019-05-18 11:03:54,482 - ITSScraper - DEBUG - Processing element: 0 of 349
2019-05-18 11:03:58,527 - ITSScraper - INFO - 0 results found for barcode 88381249713
2019-05-18 11:03:58,527 - ITSScraper - DEBUG - Too many results, ignoring 88381249713
2019-05-18 11:03:58,527 - ITSScraper - DEBUG - Processing element: 0 of 349
2019-05-18 11:04:00,065 - ITSScraper - INFO - 1 results found for barcode 3165140006842
2019-05-18 11:04:03,838 - ITSScraper - DEBUG - Processing element: 0 of 349
2019-05-18 11:04:05,195 - ITSScraper - INFO - 1 results found for barcode 3165140006798
2019-05-18 11:04:09,048 - ITSScraper - DEBUG - Processing element: 0 of 349
2019-05-18 11:04:11,417 - ITSScraper - INFO - 1 results found for barcode 3165140012454
2019-05-18 11:04:14,046 - ITSScraper - DEBUG - Processing element: 0 of 349
2019-05-18 11:04:15,977 - ITSScraper - INFO - 1 results found for barcode 3165140006781
2019-05-18 11:04:19,025 - ITSScraper - DEBUG - Processing element: 0 of 349
2019-05-18 11:04:20,609 - ITSScraper - INFO - 0 results found for barcode 5011402370726
2019-05-18 11:04:20,609 - ITSScraper - DEBUG - Too many results, ignoring 5011402370726
2019-05-18 11:04:20,610 - ITSScraper - DEBUG - Processing element: 0 of 349
2019-05-18 11:04:21,811 - ITSScraper - INFO - 0 results found for barcode 3165140007276
2019-05-18 11:04:21,812 - ITSScraper - DEBUG - Too many results, ignoring 3165140007276
2019-05-18 11:04:21,812 - ITSScraper - DEBUG - Processing element: 0 of 349
2019-05-18 11:04:23,103 - ITSScraper - INFO - 0 results found for barcode 3165140109765
2019-05-18 11:04:23,103 - ITSScraper - DEBUG - Too many results, ignoring 3165140109765
2019-05-18 11:04:23,104 - ITSScraper - DEBUG - Processing element: 0 of 349
2019-05-18 11:04:24,271 - ITSScraper - INFO - 1 results found for barcode 3165140035316
2019-05-18 11:04:27,766 - ITSScraper - DEBUG - Bad page barcode 3165140035316
2019-05-18 11:04:27,767 - ITSScraper - DEBUG - Processing element: 0 of 349
2019-05-18 11:04:29,176 - ITSScraper - INFO - 1 results found for barcode 3165140109789
2019-05-18 11:04:32,130 - ITSScraper - DEBUG - Processing element: 0 of 349
2019-05-18 11:04:33,535 - ITSScraper - INFO - 1 results found for barcode 3165140128056
2019-05-18 11:04:37,377 - ITSScraper - DEBUG - Processing element: 0 of 349
2019-05-18 11:04:38,865 - ITSScraper - INFO - 3 results found for barcode 3165140076029
2019-05-18 11:04:38,865 - ITSScraper - DEBUG - Too many results, ignoring 3165140076029
2019-05-18 11:04:38,866 - ITSScraper - DEBUG - Processing element: 0 of 349
2019-05-18 11:04:40,289 - ITSScraper - INFO - 1 results found for barcode 3165140007283
2019-05-18 11:04:43,646 - ITSScraper - DEBUG - Bad page barcode 3165140007283
2019-05-18 11:04:43,646 - ITSScraper - DEBUG - Processing element: 0 of 349
2019-05-18 11:04:45,195 - ITSScraper - INFO - 1 results found for barcode 3165140128025
2019-05-18 11:04:47,529 - ITSScraper - DEBUG - Bad page barcode 3165140128025
2019-05-18 11:04:47,529 - ITSScraper - DEBUG - Processing element: 0 of 349
2019-05-18 11:04:49,285 - ITSScraper - INFO - 1 results found for barcode 3165140007290
2019-05-18 11:04:51,911 - ITSScraper - DEBUG - Processing element: 0 of 349
2019-05-18 11:04:53,641 - ITSScraper - INFO - 1 results found for barcode 3165140007313
2019-05-18 11:04:57,184 - ITSScraper - DEBUG - Bad page barcode 3165140007313
2019-05-18 11:04:57,185 - ITSScraper - DEBUG - Processing element: 0 of 349
2019-05-18 11:04:59,090 - ITSScraper - INFO - 1 results found for barcode 3165140007306
2019-05-18 11:05:01,452 - ITSScraper - DEBUG - Processing element: 0 of 349
2019-05-18 11:05:03,049 - ITSScraper - INFO - 1 results found for barcode 3165140007375
2019-05-18 11:05:05,308 - ITSScraper - DEBUG - Bad page barcode 3165140007375
2019-05-18 11:05:05,309 - ITSScraper - DEBUG - Processing element: 0 of 349
2019-05-18 11:05:06,922 - ITSScraper - INFO - 2 results found for barcode 3165140007382
2019-05-18 11:05:06,923 - ITSScraper - DEBUG - Too many results, ignoring 3165140007382
2019-05-18 11:05:06,923 - ITSScraper - DEBUG - Processing element: 0 of 349
2019-05-18 11:05:08,609 - ITSScraper - INFO - 1 results found for barcode 5023969296241
2019-05-18 11:05:11,913 - ITSScraper - DEBUG - Bad page barcode 5023969296241
2019-05-18 11:05:11,913 - ITSScraper - DEBUG - Processing element: 0 of 349
2019-05-18 11:05:13,515 - ITSScraper - INFO - 0 results found for barcode 5010699525338
2019-05-18 11:05:13,515 - ITSScraper - DEBUG - Too many results, ignoring 5010699525338
2019-05-18 11:05:13,516 - ITSScraper - DEBUG - Processing element: 0 of 349
2019-05-18 11:05:15,192 - ITSScraper - INFO - 0 results found for barcode 9001570503909
2019-05-18 11:05:15,192 - ITSScraper - DEBUG - Too many results, ignoring 9001570503909
2019-05-18 11:05:15,193 - ITSScraper - DEBUG - Processing element: 0 of 349
2019-05-18 11:05:16,950 - ITSScraper - INFO - 0 results found for barcode 5055261538743
2019-05-18 11:05:16,950 - ITSScraper - DEBUG - Too many results, ignoring 5055261538743
2019-05-18 11:05:16,950 - ITSScraper - DEBUG - Processing element: 0 of 349
2019-05-18 11:05:18,472 - ITSScraper - INFO - 0 results found for barcode 9421903092519
2019-05-18 11:05:18,472 - ITSScraper - DEBUG - Too many results, ignoring 9421903092519
2019-05-18 11:05:18,473 - ITSScraper - DEBUG - Processing element: 0 of 349
2019-05-18 11:05:20,005 - ITSScraper - INFO - 1 results found for barcode 5060111550547
2019-05-18 11:08:19,573 - ITSScraper - INFO - Current OS, are we on linux? True
2019-05-18 11:08:19,573 - ITSScraper - DEBUG - Writing to file
2019-05-18 11:08:19,574 - ITSScraper - INFO - Using default linux dir
2019-05-18 11:08:21,559 - ITSScraper - DEBUG - Processing element: 0 of 349
2019-05-18 11:08:25,296 - ITSScraper - INFO - 1 results found for barcode 6416868683004
2019-05-18 11:08:28,525 - ITSScraper - DEBUG - Processing element: 1 of 349
2019-05-18 11:08:29,891 - ITSScraper - INFO - 1 results found for barcode 4002395301539
2019-05-18 11:08:32,294 - ITSScraper - DEBUG - Processing element: 2 of 349
2019-05-18 11:08:33,755 - ITSScraper - INFO - 1 results found for barcode 4002395301508
2019-05-18 11:08:36,046 - ITSScraper - DEBUG - Processing element: 3 of 349
2019-05-18 11:08:37,592 - ITSScraper - INFO - 0 results found for barcode 42326312382
2019-05-18 11:08:37,592 - ITSScraper - DEBUG - Too many results, ignoring 42326312382
2019-05-18 11:08:37,592 - ITSScraper - DEBUG - Processing element: 4 of 349
2019-05-18 11:08:39,090 - ITSScraper - INFO - 1 results found for barcode 4002395312375
2019-05-18 11:08:41,658 - ITSScraper - DEBUG - Processing element: 5 of 349
2019-05-18 11:08:43,217 - ITSScraper - INFO - 1 results found for barcode 4002395301591
2019-05-18 11:08:45,301 - ITSScraper - DEBUG - Processing element: 6 of 349
2019-05-18 11:08:46,672 - ITSScraper - INFO - 1 results found for barcode 6416868684186
2019-05-18 11:08:48,941 - ITSScraper - DEBUG - Processing element: 7 of 349
2019-05-18 11:08:50,317 - ITSScraper - INFO - 0 results found for barcode 5035048042779
2019-05-18 11:08:50,318 - ITSScraper - DEBUG - Too many results, ignoring 5035048042779
2019-05-18 11:08:50,318 - ITSScraper - DEBUG - Processing element: 8 of 349
2019-05-18 11:08:51,699 - ITSScraper - INFO - 2 results found for barcode 5035048042793
2019-05-18 11:08:51,699 - ITSScraper - DEBUG - Too many results, ignoring 5035048042793
2019-05-18 11:08:51,699 - ITSScraper - DEBUG - Processing element: 9 of 349
2019-05-18 11:08:52,942 - ITSScraper - INFO - 2 results found for barcode 5035048042786
2019-05-18 11:08:52,943 - ITSScraper - DEBUG - Too many results, ignoring 5035048042786
2019-05-18 11:08:52,943 - ITSScraper - DEBUG - Processing element: 10 of 349
2019-05-18 11:08:54,085 - ITSScraper - INFO - 0 results found for barcode 6416868271454
2019-05-18 11:08:54,085 - ITSScraper - DEBUG - Too many results, ignoring 6416868271454
2019-05-18 11:08:54,085 - ITSScraper - DEBUG - Processing element: 11 of 349
2019-05-18 11:08:55,320 - ITSScraper - INFO - 0 results found for barcode 5011402333738
2019-05-18 11:08:55,321 - ITSScraper - DEBUG - Too many results, ignoring 5011402333738
2019-05-18 11:08:55,321 - ITSScraper - DEBUG - Processing element: 12 of 349
2019-05-18 11:08:56,575 - ITSScraper - INFO - 0 results found for barcode 5032759022212
2019-05-18 11:08:56,575 - ITSScraper - DEBUG - Too many results, ignoring 5032759022212
2019-05-18 11:08:56,575 - ITSScraper - DEBUG - Processing element: 13 of 349
2019-05-18 11:08:57,813 - ITSScraper - INFO - 0 results found for barcode 88381249713
2019-05-18 11:08:57,814 - ITSScraper - DEBUG - Too many results, ignoring 88381249713
2019-05-18 11:08:57,814 - ITSScraper - DEBUG - Processing element: 14 of 349
2019-05-18 11:08:59,063 - ITSScraper - INFO - 1 results found for barcode 3165140006842
2019-05-18 11:09:01,503 - ITSScraper - DEBUG - Processing element: 15 of 349
2019-05-18 11:09:02,818 - ITSScraper - INFO - 1 results found for barcode 3165140006798
2019-05-18 11:09:05,426 - ITSScraper - DEBUG - Processing element: 16 of 349
2019-05-18 11:09:06,900 - ITSScraper - INFO - 1 results found for barcode 3165140012454
2019-05-18 11:09:09,339 - ITSScraper - DEBUG - Processing element: 17 of 349
2019-05-18 11:09:10,709 - ITSScraper - INFO - 1 results found for barcode 3165140006781
2019-05-18 11:09:13,117 - ITSScraper - DEBUG - Processing element: 18 of 349
2019-05-18 11:09:14,463 - ITSScraper - INFO - 0 results found for barcode 5011402370726
2019-05-18 11:09:14,463 - ITSScraper - DEBUG - Too many results, ignoring 5011402370726
2019-05-18 11:09:14,464 - ITSScraper - DEBUG - Processing element: 19 of 349
2019-05-18 11:09:15,930 - ITSScraper - INFO - 0 results found for barcode 3165140007276
2019-05-18 11:09:15,930 - ITSScraper - DEBUG - Too many results, ignoring 3165140007276
2019-05-18 11:09:15,931 - ITSScraper - DEBUG - Processing element: 20 of 349
2019-05-18 11:09:17,020 - ITSScraper - INFO - 0 results found for barcode 3165140109765
2019-05-18 11:09:17,020 - ITSScraper - DEBUG - Too many results, ignoring 3165140109765
2019-05-18 11:09:17,020 - ITSScraper - DEBUG - Processing element: 21 of 349
2019-05-18 11:09:18,568 - ITSScraper - INFO - 1 results found for barcode 3165140035316
2019-05-18 11:09:20,791 - ITSScraper - DEBUG - Bad page barcode 3165140035316
2019-05-18 11:09:20,792 - ITSScraper - DEBUG - Processing element: 22 of 349
2019-05-18 11:09:22,056 - ITSScraper - INFO - 1 results found for barcode 3165140109789
2019-05-18 11:09:24,372 - ITSScraper - DEBUG - Processing element: 23 of 349
2019-05-18 11:09:25,755 - ITSScraper - INFO - 1 results found for barcode 3165140128056
2019-05-18 11:09:27,902 - ITSScraper - DEBUG - Processing element: 24 of 349
2019-05-18 11:09:29,425 - ITSScraper - INFO - 3 results found for barcode 3165140076029
2019-05-18 11:09:29,425 - ITSScraper - DEBUG - Too many results, ignoring 3165140076029
2019-05-18 11:09:29,425 - ITSScraper - DEBUG - Processing element: 25 of 349
2019-05-18 11:09:30,664 - ITSScraper - INFO - 1 results found for barcode 3165140007283
2019-05-18 11:09:33,436 - ITSScraper - DEBUG - Bad page barcode 3165140007283
2019-05-18 11:09:33,437 - ITSScraper - DEBUG - Processing element: 26 of 349
2019-05-18 11:09:34,871 - ITSScraper - INFO - 1 results found for barcode 3165140128025
2019-05-18 11:09:37,473 - ITSScraper - DEBUG - Bad page barcode 3165140128025
2019-05-18 11:09:37,473 - ITSScraper - DEBUG - Processing element: 27 of 349
2019-05-18 11:09:39,366 - ITSScraper - INFO - 1 results found for barcode 3165140007290
2019-05-18 11:09:41,531 - ITSScraper - DEBUG - Processing element: 28 of 349
2019-05-18 11:09:43,252 - ITSScraper - INFO - 1 results found for barcode 3165140007313
2019-05-18 11:09:45,521 - ITSScraper - DEBUG - Bad page barcode 3165140007313
2019-05-18 11:09:45,522 - ITSScraper - DEBUG - Processing element: 29 of 349
2019-05-18 11:09:47,723 - ITSScraper - INFO - 1 results found for barcode 3165140007306
2019-05-18 11:09:51,593 - ITSScraper - DEBUG - Processing element: 30 of 349
2019-05-18 11:09:53,786 - ITSScraper - INFO - 1 results found for barcode 3165140007375
2019-05-18 11:09:57,093 - ITSScraper - DEBUG - Bad page barcode 3165140007375
2019-05-18 11:09:57,094 - ITSScraper - DEBUG - Processing element: 31 of 349
2019-05-18 11:09:59,920 - ITSScraper - INFO - 2 results found for barcode 3165140007382
2019-05-18 11:09:59,920 - ITSScraper - DEBUG - Too many results, ignoring 3165140007382
2019-05-18 11:09:59,920 - ITSScraper - DEBUG - Processing element: 32 of 349
2019-05-18 11:10:02,004 - ITSScraper - INFO - 1 results found for barcode 5023969296241
2019-05-18 11:10:07,884 - ITSScraper - DEBUG - Bad page barcode 5023969296241
2019-05-18 11:10:07,884 - ITSScraper - DEBUG - Processing element: 33 of 349
2019-05-18 11:10:10,353 - ITSScraper - INFO - 0 results found for barcode 5010699525338
2019-05-18 11:10:10,353 - ITSScraper - DEBUG - Too many results, ignoring 5010699525338
2019-05-18 11:10:10,354 - ITSScraper - DEBUG - Processing element: 34 of 349
2019-05-18 11:10:12,310 - ITSScraper - INFO - 0 results found for barcode 9001570503909
2019-05-18 11:10:12,311 - ITSScraper - DEBUG - Too many results, ignoring 9001570503909
2019-05-18 11:10:12,312 - ITSScraper - DEBUG - Processing element: 35 of 349
2019-05-18 11:10:15,376 - ITSScraper - INFO - 0 results found for barcode 5055261538743
2019-05-18 11:10:15,377 - ITSScraper - DEBUG - Too many results, ignoring 5055261538743
2019-05-18 11:10:15,378 - ITSScraper - DEBUG - Processing element: 36 of 349
2019-05-18 11:10:17,538 - ITSScraper - INFO - 0 results found for barcode 9421903092519
2019-05-18 11:10:17,538 - ITSScraper - DEBUG - Too many results, ignoring 9421903092519
2019-05-18 11:10:17,539 - ITSScraper - DEBUG - Processing element: 37 of 349
2019-05-18 11:10:19,849 - ITSScraper - INFO - 1 results found for barcode 5060111550547
2019-05-18 11:10:24,058 - ITSScraper - DEBUG - Bad page barcode 5060111550547
2019-05-18 11:10:24,059 - ITSScraper - DEBUG - Processing element: 38 of 349
2019-05-18 11:10:26,064 - ITSScraper - INFO - 0 results found for barcode 5060111555450
2019-05-18 11:10:26,066 - ITSScraper - DEBUG - Too many results, ignoring 5060111555450
2019-05-18 11:10:26,066 - ITSScraper - DEBUG - Processing element: 39 of 349
2019-05-18 11:10:28,182 - ITSScraper - INFO - 0 results found for barcode 9421903092342
2019-05-18 11:10:28,183 - ITSScraper - DEBUG - Too many results, ignoring 9421903092342
2019-05-18 11:10:28,183 - ITSScraper - DEBUG - Processing element: 40 of 349
2019-05-18 11:10:31,292 - ITSScraper - INFO - 1 results found for barcode 614019503171
2019-05-18 11:10:35,576 - ITSScraper - DEBUG - Processing element: 41 of 349
2019-05-18 11:10:38,227 - ITSScraper - INFO - 2 results found for barcode 3165140841245
2019-05-18 11:10:38,227 - ITSScraper - DEBUG - Too many results, ignoring 3165140841245
2019-05-18 11:10:38,227 - ITSScraper - DEBUG - Processing element: 42 of 349
2019-05-18 11:10:40,160 - ITSScraper - INFO - 2 results found for barcode 5060111550479
2019-05-18 11:10:40,160 - ITSScraper - DEBUG - Too many results, ignoring 5060111550479
2019-05-18 11:10:40,160 - ITSScraper - DEBUG - Processing element: 43 of 349
2019-05-18 11:10:42,359 - ITSScraper - INFO - 0 results found for barcode 748079735101
2019-05-18 11:10:42,360 - ITSScraper - DEBUG - Too many results, ignoring 748079735101
2019-05-18 11:10:42,360 - ITSScraper - DEBUG - Processing element: 44 of 349
2019-05-18 11:10:44,669 - ITSScraper - INFO - 0 results found for barcode 5060111555344
2019-05-18 11:10:44,669 - ITSScraper - DEBUG - Too many results, ignoring 5060111555344
2019-05-18 11:10:44,669 - ITSScraper - DEBUG - Processing element: 45 of 349
2019-05-18 11:10:46,811 - ITSScraper - INFO - 0 results found for barcode 5060111555375
2019-05-18 11:10:46,812 - ITSScraper - DEBUG - Too many results, ignoring 5060111555375
2019-05-18 11:10:46,812 - ITSScraper - DEBUG - Processing element: 46 of 349
2019-05-18 11:10:48,377 - ITSScraper - INFO - 0 results found for barcode 5060111555405
2019-05-18 11:10:48,377 - ITSScraper - DEBUG - Too many results, ignoring 5060111555405
2019-05-18 11:10:48,378 - ITSScraper - DEBUG - Processing element: 47 of 349
2019-05-18 11:10:49,788 - ITSScraper - INFO - 2 results found for barcode 5060111555443
2019-05-18 11:10:49,788 - ITSScraper - DEBUG - Too many results, ignoring 5060111555443
2019-05-18 11:10:49,788 - ITSScraper - DEBUG - Processing element: 48 of 349
2019-05-18 11:10:51,045 - ITSScraper - INFO - 0 results found for barcode 748079734975
2019-05-18 11:10:51,045 - ITSScraper - DEBUG - Too many results, ignoring 748079734975
2019-05-18 11:10:51,045 - ITSScraper - DEBUG - Processing element: 49 of 349
2019-05-18 11:10:52,467 - ITSScraper - INFO - 0 results found for barcode 748079734968
2019-05-18 11:10:52,467 - ITSScraper - DEBUG - Too many results, ignoring 748079734968
2019-05-18 11:10:52,467 - ITSScraper - DEBUG - Processing element: 50 of 349
2019-05-18 11:10:54,379 - ITSScraper - INFO - 1 results found for barcode 5060111555368
2019-05-18 11:10:56,902 - ITSScraper - DEBUG - Bad page barcode 5060111555368
2019-05-18 11:10:56,902 - ITSScraper - DEBUG - Processing element: 51 of 349
2019-05-18 11:10:58,383 - ITSScraper - INFO - 1 results found for barcode 5060111555399
2019-05-18 11:11:02,210 - ITSScraper - DEBUG - Bad page barcode 5060111555399
2019-05-18 11:11:02,210 - ITSScraper - DEBUG - Processing element: 52 of 349
2019-05-18 11:11:03,530 - ITSScraper - INFO - 1 results found for barcode 5060111555429
2019-05-18 11:11:05,797 - ITSScraper - DEBUG - Processing element: 53 of 349
2019-05-18 11:11:07,357 - ITSScraper - INFO - 0 results found for barcode 9342649001675
2019-05-18 11:11:07,357 - ITSScraper - DEBUG - Too many results, ignoring 9342649001675
2019-05-18 11:11:07,358 - ITSScraper - DEBUG - Processing element: 54 of 349
2019-05-18 11:11:08,745 - ITSScraper - INFO - 1 results found for barcode 3253568119210
2019-05-18 11:11:12,703 - ITSScraper - DEBUG - Processing element: 55 of 349
2019-05-18 11:11:14,040 - ITSScraper - INFO - 0 results found for barcode 5055151400020
2019-05-18 11:11:14,041 - ITSScraper - DEBUG - Too many results, ignoring 5055151400020
2019-05-18 11:11:14,041 - ITSScraper - DEBUG - Processing element: 56 of 349
2019-05-18 11:11:15,368 - ITSScraper - INFO - 2 results found for barcode 3253561119217
2019-05-18 11:11:15,368 - ITSScraper - DEBUG - Too many results, ignoring 3253561119217
2019-05-18 11:11:15,369 - ITSScraper - DEBUG - Processing element: 57 of 349
2019-05-18 11:11:16,654 - ITSScraper - INFO - 1 results found for barcode 45242333608
2019-05-18 11:11:19,041 - ITSScraper - DEBUG - Bad page barcode 45242333608
2019-05-18 11:11:19,042 - ITSScraper - DEBUG - Processing element: 58 of 349
2019-05-18 11:11:20,467 - ITSScraper - INFO - 0 results found for barcode 48615960234
2019-05-18 11:11:20,467 - ITSScraper - DEBUG - Too many results, ignoring 48615960234
2019-05-18 11:11:20,467 - ITSScraper - DEBUG - Processing element: 59 of 349
2019-05-18 11:11:21,968 - ITSScraper - INFO - 0 results found for barcode 3253560473143
2019-05-18 11:11:21,968 - ITSScraper - DEBUG - Too many results, ignoring 3253560473143
2019-05-18 11:11:21,969 - ITSScraper - DEBUG - Processing element: 60 of 349
2019-05-18 11:11:23,433 - ITSScraper - INFO - 1 results found for barcode 4260056153716
2019-05-18 11:11:26,261 - ITSScraper - DEBUG - Bad page barcode 4260056153716
2019-05-18 11:11:26,261 - ITSScraper - DEBUG - Processing element: 61 of 349
2019-05-18 11:11:27,751 - ITSScraper - INFO - 0 results found for barcode 4260056153754
2019-05-18 11:11:27,751 - ITSScraper - DEBUG - Too many results, ignoring 4260056153754
2019-05-18 11:11:27,751 - ITSScraper - DEBUG - Processing element: 62 of 349
2019-05-18 11:11:29,154 - ITSScraper - INFO - 0 results found for barcode 4260056153723
2019-05-18 11:11:29,154 - ITSScraper - DEBUG - Too many results, ignoring 4260056153723
2019-05-18 11:11:29,154 - ITSScraper - DEBUG - Processing element: 63 of 349
2019-05-18 11:11:30,527 - ITSScraper - INFO - 0 results found for barcode 4260056153532
2019-05-18 11:11:30,527 - ITSScraper - DEBUG - Too many results, ignoring 4260056153532
2019-05-18 11:11:30,527 - ITSScraper - DEBUG - Processing element: 64 of 349
2019-05-18 11:11:31,909 - ITSScraper - INFO - 1 results found for barcode 7317846501114
2019-05-18 11:11:34,899 - ITSScraper - DEBUG - Processing element: 65 of 349
2019-05-18 11:11:36,282 - ITSScraper - INFO - 3 results found for barcode 7317846501015
2019-05-18 11:11:36,282 - ITSScraper - DEBUG - Too many results, ignoring 7317846501015
2019-05-18 11:11:36,283 - ITSScraper - DEBUG - Processing element: 66 of 349
2019-05-18 11:11:37,698 - ITSScraper - INFO - 2 results found for barcode 761856099555
2019-05-18 11:11:37,699 - ITSScraper - DEBUG - Too many results, ignoring 761856099555
2019-05-18 11:11:37,699 - ITSScraper - DEBUG - Processing element: 67 of 349
2019-05-18 11:11:38,992 - ITSScraper - INFO - 0 results found for barcode 4260056155277
2019-05-18 11:11:38,992 - ITSScraper - DEBUG - Too many results, ignoring 4260056155277
2019-05-18 11:11:38,992 - ITSScraper - DEBUG - Processing element: 68 of 349
2019-05-18 11:11:40,379 - ITSScraper - INFO - 1 results found for barcode 4260056150302
2019-05-18 11:11:42,938 - ITSScraper - DEBUG - Bad page barcode 4260056150302
2019-05-18 11:11:42,938 - ITSScraper - DEBUG - Processing element: 69 of 349
2019-05-18 11:11:44,277 - ITSScraper - INFO - 1 results found for barcode 4260056150272
2019-05-18 11:11:46,796 - ITSScraper - DEBUG - Bad page barcode 4260056150272
2019-05-18 11:11:46,796 - ITSScraper - DEBUG - Processing element: 70 of 349
2019-05-18 11:11:48,271 - ITSScraper - INFO - 1 results found for barcode 4260056150371
2019-05-18 11:11:50,511 - ITSScraper - DEBUG - Processing element: 71 of 349
2019-05-18 11:11:51,954 - ITSScraper - INFO - 1 results found for barcode 761856099531
2019-05-18 11:11:55,393 - ITSScraper - DEBUG - Bad page barcode 761856099531
2019-05-18 11:11:55,393 - ITSScraper - DEBUG - Processing element: 72 of 349
2019-05-18 11:11:56,864 - ITSScraper - INFO - 1 results found for barcode 761856099548
2019-05-18 11:12:00,186 - ITSScraper - DEBUG - Bad page barcode 761856099548
2019-05-18 11:12:00,186 - ITSScraper - DEBUG - Processing element: 73 of 349
2019-05-18 11:12:01,774 - ITSScraper - INFO - 0 results found for barcode 761856099524
2019-05-18 11:12:01,774 - ITSScraper - DEBUG - Too many results, ignoring 761856099524
2019-05-18 11:12:01,774 - ITSScraper - DEBUG - Processing element: 74 of 349
2019-05-18 11:12:03,165 - ITSScraper - INFO - 1 results found for barcode 45242363377
2019-05-18 11:12:06,223 - ITSScraper - DEBUG - Bad page barcode 45242363377
2019-05-18 11:12:06,223 - ITSScraper - DEBUG - Processing element: 75 of 349
2019-05-18 11:12:07,685 - ITSScraper - INFO - 1 results found for barcode 45242363384
2019-05-18 11:12:09,820 - ITSScraper - DEBUG - Bad page barcode 45242363384
2019-05-18 11:12:09,821 - ITSScraper - DEBUG - Processing element: 76 of 349
2019-05-18 11:12:11,312 - ITSScraper - INFO - 1 results found for barcode 45242363360
2019-05-18 11:12:13,926 - ITSScraper - DEBUG - Bad page barcode 45242363360
2019-05-18 11:12:13,927 - ITSScraper - DEBUG - Processing element: 77 of 349
2019-05-18 11:12:15,299 - ITSScraper - INFO - 0 results found for barcode 4260056155574
2019-05-18 11:12:15,300 - ITSScraper - DEBUG - Too many results, ignoring 4260056155574
2019-05-18 11:12:15,300 - ITSScraper - DEBUG - Processing element: 78 of 349
2019-05-18 11:12:16,886 - ITSScraper - INFO - 0 results found for barcode 3253560473167
2019-05-18 11:12:16,887 - ITSScraper - DEBUG - Too many results, ignoring 3253560473167
2019-05-18 11:12:16,887 - ITSScraper - DEBUG - Processing element: 79 of 349
2019-05-18 11:12:18,422 - ITSScraper - INFO - 1 results found for barcode 45242482580
2019-05-18 11:12:21,953 - ITSScraper - DEBUG - Bad page barcode 45242482580
2019-05-18 11:12:21,954 - ITSScraper - DEBUG - Processing element: 80 of 349
2019-05-18 11:12:24,084 - ITSScraper - INFO - 1 results found for barcode 45242319473
2019-05-18 11:12:26,725 - ITSScraper - DEBUG - Bad page barcode 45242319473
2019-05-18 11:12:26,726 - ITSScraper - DEBUG - Processing element: 81 of 349
2019-05-18 11:12:28,414 - ITSScraper - INFO - 0 results found for barcode 3253561473296
2019-05-18 11:12:28,414 - ITSScraper - DEBUG - Too many results, ignoring 3253561473296
2019-05-18 11:12:28,414 - ITSScraper - DEBUG - Processing element: 82 of 349
2019-05-18 11:12:30,118 - ITSScraper - INFO - 0 results found for barcode 48615960258
2019-05-18 11:12:30,118 - ITSScraper - DEBUG - Too many results, ignoring 48615960258
2019-05-18 11:12:30,118 - ITSScraper - DEBUG - Processing element: 83 of 349
2019-05-18 11:12:31,776 - ITSScraper - INFO - 0 results found for barcode 4005820801673
2019-05-18 11:12:31,777 - ITSScraper - DEBUG - Too many results, ignoring 4005820801673
2019-05-18 11:12:31,777 - ITSScraper - DEBUG - Processing element: 84 of 349
2019-05-18 11:12:33,441 - ITSScraper - INFO - 1 results found for barcode 5710123058400
2019-05-18 11:12:39,609 - ITSScraper - DEBUG - Processing element: 85 of 349
2019-05-18 11:12:41,005 - ITSScraper - INFO - 1 results found for barcode 3253560744717
2019-05-18 11:12:43,394 - ITSScraper - DEBUG - Bad page barcode 3253560744717
2019-05-18 11:12:43,394 - ITSScraper - DEBUG - Processing element: 86 of 349
2019-05-18 11:12:44,880 - ITSScraper - INFO - 0 results found for barcode !!!
2019-05-18 11:12:44,880 - ITSScraper - DEBUG - Too many results, ignoring !!!
2019-05-18 11:12:44,880 - ITSScraper - DEBUG - Processing element: 87 of 349
2019-05-18 11:12:46,346 - ITSScraper - INFO - 0 results found for barcode 5055058198464
2019-05-18 11:12:46,347 - ITSScraper - DEBUG - Too many results, ignoring 5055058198464
2019-05-18 11:12:46,347 - ITSScraper - DEBUG - Processing element: 88 of 349
2019-05-18 11:12:47,959 - ITSScraper - INFO - 1 results found for barcode 3253565980011
2019-05-18 11:12:50,543 - ITSScraper - DEBUG - Processing element: 89 of 349
2019-05-18 11:12:51,950 - ITSScraper - INFO - 1 results found for barcode 4013288167347
2019-05-18 11:12:54,676 - ITSScraper - DEBUG - Processing element: 90 of 349
2019-05-18 11:12:56,141 - ITSScraper - INFO - 0 results found for barcode 4963202021319
2019-05-18 11:12:56,141 - ITSScraper - DEBUG - Too many results, ignoring 4963202021319
2019-05-18 11:12:56,141 - ITSScraper - DEBUG - Processing element: 91 of 349
2019-05-18 11:12:57,594 - ITSScraper - INFO - 1 results found for barcode 4013288167330
2019-05-18 11:13:01,674 - ITSScraper - DEBUG - Processing element: 92 of 349
2019-05-18 11:13:04,028 - ITSScraper - INFO - 1 results found for barcode 4013288167392
2019-05-18 11:13:07,953 - ITSScraper - DEBUG - Processing element: 93 of 349
2019-05-18 11:13:09,384 - ITSScraper - INFO - 0 results found for barcode 5015101153703
2019-05-18 11:13:09,384 - ITSScraper - DEBUG - Too many results, ignoring 5015101153703
2019-05-18 11:13:09,384 - ITSScraper - DEBUG - Processing element: 94 of 349
2019-05-18 11:13:10,782 - ITSScraper - INFO - 1 results found for barcode 4013288167323
2019-05-18 11:13:14,391 - ITSScraper - DEBUG - Processing element: 95 of 349
2019-05-18 11:13:16,106 - ITSScraper - INFO - 0 results found for barcode 38548088457
2019-05-18 11:13:16,106 - ITSScraper - DEBUG - Too many results, ignoring 38548088457
2019-05-18 11:13:16,107 - ITSScraper - DEBUG - Processing element: 96 of 349
2019-05-18 11:13:17,640 - ITSScraper - INFO - 0 results found for barcode 3253560962302
2019-05-18 11:13:17,641 - ITSScraper - DEBUG - Too many results, ignoring 3253560962302
2019-05-18 11:13:17,642 - ITSScraper - DEBUG - Processing element: 97 of 349
2019-05-18 11:13:19,593 - ITSScraper - INFO - 1 results found for barcode 4013288164360
2019-05-18 11:13:23,472 - ITSScraper - DEBUG - Processing element: 98 of 349
2019-05-18 11:13:24,924 - ITSScraper - INFO - 1 results found for barcode 4013288164377
2019-05-18 11:13:28,773 - ITSScraper - DEBUG - Processing element: 99 of 349
2019-05-18 11:13:30,458 - ITSScraper - INFO - 2 results found for barcode 761856099517
2019-05-18 11:13:30,458 - ITSScraper - DEBUG - Too many results, ignoring 761856099517
2019-05-18 11:13:30,458 - ITSScraper - DEBUG - Processing element: 100 of 349
2019-05-18 11:13:31,894 - ITSScraper - INFO - 0 results found for barcode 5032759012145
2019-05-18 11:13:31,895 - ITSScraper - DEBUG - Too many results, ignoring 5032759012145
2019-05-18 11:13:31,895 - ITSScraper - DEBUG - Processing element: 101 of 349
2019-05-18 11:13:33,288 - ITSScraper - INFO - 1 results found for barcode 5010559355747
2019-05-18 11:13:35,980 - ITSScraper - DEBUG - Processing element: 102 of 349
2019-05-18 11:13:37,375 - ITSScraper - INFO - 1 results found for barcode 5706915058710
2019-05-18 11:13:41,258 - ITSScraper - DEBUG - Processing element: 103 of 349
2019-05-18 11:13:42,631 - ITSScraper - INFO - 0 results found for barcode 4975364040831
2019-05-18 11:13:42,631 - ITSScraper - DEBUG - Too many results, ignoring 4975364040831
2019-05-18 11:13:42,632 - ITSScraper - DEBUG - Processing element: 104 of 349
2019-05-18 11:13:44,063 - ITSScraper - INFO - 1 results found for barcode 4975364065858
2019-05-18 11:13:48,477 - ITSScraper - DEBUG - Bad page barcode 4975364065858
2019-05-18 11:13:48,477 - ITSScraper - DEBUG - Processing element: 105 of 349
2019-05-18 11:13:49,942 - ITSScraper - INFO - 3 results found for barcode 4975364055071
2019-05-18 11:13:49,942 - ITSScraper - DEBUG - Too many results, ignoring 4975364055071
2019-05-18 11:13:49,943 - ITSScraper - DEBUG - Processing element: 106 of 349
2019-05-18 11:13:51,402 - ITSScraper - INFO - 1 results found for barcode 4975364055088
2019-05-18 11:13:55,222 - ITSScraper - DEBUG - Processing element: 107 of 349
2019-05-18 11:13:56,717 - ITSScraper - INFO - 1 results found for barcode 4013288164384
2019-05-18 11:14:00,259 - ITSScraper - DEBUG - Processing element: 108 of 349
2019-05-18 11:14:01,647 - ITSScraper - INFO - 1 results found for barcode 4013288167316
2019-05-18 11:14:05,400 - ITSScraper - DEBUG - Processing element: 109 of 349
2019-05-18 11:14:06,795 - ITSScraper - INFO - 0 results found for barcode 4003758509609
2019-05-18 11:14:06,795 - ITSScraper - DEBUG - Too many results, ignoring 4003758509609
2019-05-18 11:14:06,795 - ITSScraper - DEBUG - Processing element: 110 of 349
2019-05-18 11:14:08,125 - ITSScraper - INFO - 1 results found for barcode 4013288167316
2019-05-18 11:14:10,580 - ITSScraper - DEBUG - Processing element: 111 of 349
2019-05-18 11:14:11,985 - ITSScraper - INFO - 1 results found for barcode 4013288164384
2019-05-18 11:14:14,238 - ITSScraper - DEBUG - Processing element: 112 of 349
2019-05-18 11:14:15,667 - ITSScraper - INFO - 0 results found for barcode 7314150042678
2019-05-18 11:14:15,668 - ITSScraper - DEBUG - Too many results, ignoring 7314150042678
2019-05-18 11:14:15,668 - ITSScraper - DEBUG - Processing element: 113 of 349
2019-05-18 11:14:17,012 - ITSScraper - INFO - 0 results found for barcode 7314150042999
2019-05-18 11:14:17,012 - ITSScraper - DEBUG - Too many results, ignoring 7314150042999
2019-05-18 11:14:17,012 - ITSScraper - DEBUG - Processing element: 114 of 349
2019-05-18 11:14:18,541 - ITSScraper - INFO - 1 results found for barcode 4013288167408
2019-05-18 11:14:22,952 - ITSScraper - DEBUG - Processing element: 115 of 349
2019-05-18 11:14:24,621 - ITSScraper - INFO - 1 results found for barcode 7314150106462
2019-05-18 11:14:28,184 - ITSScraper - DEBUG - Processing element: 116 of 349
2019-05-18 11:14:29,652 - ITSScraper - INFO - 1 results found for barcode 7314150106486
2019-05-18 11:14:32,331 - ITSScraper - DEBUG - Processing element: 117 of 349
2019-05-18 11:14:33,963 - ITSScraper - INFO - 1 results found for barcode 7314150106479
2019-05-18 11:14:37,704 - ITSScraper - DEBUG - Processing element: 118 of 349
2019-05-18 11:14:39,210 - ITSScraper - INFO - 0 results found for barcode 7314150106622
2019-05-18 11:14:39,210 - ITSScraper - DEBUG - Too many results, ignoring 7314150106622
2019-05-18 11:14:39,211 - ITSScraper - DEBUG - Processing element: 119 of 349
2019-05-18 11:14:40,569 - ITSScraper - INFO - 0 results found for barcode 7314150116140
2019-05-18 11:14:40,569 - ITSScraper - DEBUG - Too many results, ignoring 7314150116140
2019-05-18 11:14:40,569 - ITSScraper - DEBUG - Processing element: 120 of 349
2019-05-18 11:14:41,909 - ITSScraper - INFO - 0 results found for barcode 7314150106493
2019-05-18 11:14:41,910 - ITSScraper - DEBUG - Too many results, ignoring 7314150106493
2019-05-18 11:14:41,910 - ITSScraper - DEBUG - Processing element: 121 of 349
2019-05-18 11:14:43,311 - ITSScraper - INFO - 0 results found for barcode 7314150106493
2019-05-18 11:14:43,311 - ITSScraper - DEBUG - Too many results, ignoring 7314150106493
2019-05-18 11:14:43,311 - ITSScraper - DEBUG - Processing element: 122 of 349
2019-05-18 11:14:44,810 - ITSScraper - INFO - 0 results found for barcode 7314150114023
2019-05-18 11:14:44,810 - ITSScraper - DEBUG - Too many results, ignoring 7314150114023
2019-05-18 11:14:44,811 - ITSScraper - DEBUG - Processing element: 123 of 349
2019-05-18 11:14:46,409 - ITSScraper - INFO - 0 results found for barcode 7314150114047
2019-05-18 11:14:46,409 - ITSScraper - DEBUG - Too many results, ignoring 7314150114047
2019-05-18 11:14:46,410 - ITSScraper - DEBUG - Processing element: 124 of 349
2019-05-18 11:14:47,960 - ITSScraper - INFO - 1 results found for barcode 7314150000012
2019-05-18 11:14:51,586 - ITSScraper - DEBUG - Processing element: 125 of 349
2019-05-18 11:14:53,209 - ITSScraper - INFO - 1 results found for barcode 7314150000029
2019-05-18 11:14:56,831 - ITSScraper - DEBUG - Processing element: 126 of 349
2019-05-18 11:14:58,414 - ITSScraper - INFO - 0 results found for barcode 7314150237739
2019-05-18 11:14:58,414 - ITSScraper - DEBUG - Too many results, ignoring 7314150237739
2019-05-18 11:14:58,414 - ITSScraper - DEBUG - Processing element: 127 of 349
2019-05-18 11:14:59,857 - ITSScraper - INFO - 1 results found for barcode 4975364057136
2019-05-18 11:15:02,536 - ITSScraper - DEBUG - Processing element: 128 of 349
2019-05-18 11:15:03,996 - ITSScraper - INFO - 1 results found for barcode 4975364282972
2019-05-18 11:15:06,490 - ITSScraper - DEBUG - Processing element: 129 of 349
2019-05-18 11:15:08,418 - ITSScraper - INFO - 1 results found for barcode 4975364054227
2019-05-18 11:15:10,806 - ITSScraper - DEBUG - Processing element: 130 of 349
2019-05-18 11:15:12,513 - ITSScraper - INFO - 0 results found for barcode 4013288175649
2019-05-18 11:15:12,513 - ITSScraper - DEBUG - Too many results, ignoring 4013288175649
2019-05-18 11:15:12,513 - ITSScraper - DEBUG - Processing element: 131 of 349
2019-05-18 11:15:13,973 - ITSScraper - INFO - 1 results found for barcode 4013288173508
2019-05-18 11:15:16,743 - ITSScraper - DEBUG - Processing element: 132 of 349
2019-05-18 11:15:18,258 - ITSScraper - INFO - 1 results found for barcode 4013288164056
2019-05-18 11:15:20,848 - ITSScraper - DEBUG - Processing element: 133 of 349
2019-05-18 11:15:22,281 - ITSScraper - INFO - 0 results found for barcode 4013288185075
2019-05-18 11:15:22,281 - ITSScraper - DEBUG - Too many results, ignoring 4013288185075
2019-05-18 11:15:22,282 - ITSScraper - DEBUG - Processing element: 134 of 349
2019-05-18 11:15:23,855 - ITSScraper - INFO - 1 results found for barcode 4013288096289
2019-05-18 11:15:27,958 - ITSScraper - DEBUG - Processing element: 135 of 349
2019-05-18 11:15:29,617 - ITSScraper - INFO - 1 results found for barcode 4013288186003
2019-05-18 11:15:33,208 - ITSScraper - DEBUG - Processing element: 136 of 349
2019-05-18 11:15:34,741 - ITSScraper - INFO - 1 results found for barcode 4013288173003
2019-05-18 11:15:38,603 - ITSScraper - DEBUG - Processing element: 137 of 349
2019-05-18 11:15:40,235 - ITSScraper - INFO - 1 results found for barcode 4013288182180
2019-05-18 11:15:43,390 - ITSScraper - DEBUG - Processing element: 138 of 349
2019-05-18 11:15:44,852 - ITSScraper - INFO - 1 results found for barcode 4013288193537
2019-05-18 11:15:48,076 - ITSScraper - DEBUG - Processing element: 139 of 349
2019-05-18 11:15:49,464 - ITSScraper - INFO - 1 results found for barcode 4013288188403
2019-05-18 11:15:51,907 - ITSScraper - DEBUG - Processing element: 140 of 349
2019-05-18 11:15:53,524 - ITSScraper - INFO - 1 results found for barcode 4013288106414
2019-05-18 11:15:57,426 - ITSScraper - DEBUG - Bad page barcode 4013288106414
2019-05-18 11:15:57,426 - ITSScraper - DEBUG - Processing element: 141 of 349
2019-05-18 11:15:59,026 - ITSScraper - INFO - 1 results found for barcode 4013288178336
2019-05-18 11:16:02,536 - ITSScraper - DEBUG - Processing element: 142 of 349
2019-05-18 11:16:04,179 - ITSScraper - INFO - 1 results found for barcode 4013288170132
2019-05-18 11:16:08,566 - ITSScraper - DEBUG - Processing element: 143 of 349
2019-05-18 11:16:09,955 - ITSScraper - INFO - 1 results found for barcode 4013288186027
2019-05-18 11:16:13,848 - ITSScraper - DEBUG - Processing element: 144 of 349
2019-05-18 11:16:15,423 - ITSScraper - INFO - 1 results found for barcode 4013288186010
2019-05-18 11:16:17,855 - ITSScraper - DEBUG - Processing element: 145 of 349
2019-05-18 11:16:19,285 - ITSScraper - INFO - 1 results found for barcode 4013288186034
2019-05-18 11:16:23,134 - ITSScraper - DEBUG - Processing element: 146 of 349
2019-05-18 11:16:24,635 - ITSScraper - INFO - 1 results found for barcode 4013288179883
2019-05-18 11:16:28,075 - ITSScraper - DEBUG - Processing element: 147 of 349
2019-05-18 11:16:29,489 - ITSScraper - INFO - 1 results found for barcode 4013288157737
2019-05-18 11:16:33,226 - ITSScraper - DEBUG - Processing element: 148 of 349
2019-05-18 11:16:34,854 - ITSScraper - INFO - 1 results found for barcode 4013288179869
2019-05-18 11:16:38,249 - ITSScraper - DEBUG - Processing element: 149 of 349
2019-05-18 11:16:39,838 - ITSScraper - INFO - 1 results found for barcode 4013288128058
2019-05-18 11:16:43,413 - ITSScraper - DEBUG - Processing element: 150 of 349
2019-05-18 11:16:45,035 - ITSScraper - INFO - 0 results found for barcode 4013288204387
2019-05-18 11:16:45,035 - ITSScraper - DEBUG - Too many results, ignoring 4013288204387
2019-05-18 11:16:45,036 - ITSScraper - DEBUG - Processing element: 151 of 349
2019-05-18 11:16:46,524 - ITSScraper - INFO - 1 results found for barcode 4013288164407
2019-05-18 11:16:50,406 - ITSScraper - DEBUG - Processing element: 152 of 349
2019-05-18 11:16:52,155 - ITSScraper - INFO - 1 results found for barcode 4013288190765
2019-05-18 11:16:55,961 - ITSScraper - DEBUG - Processing element: 153 of 349
2019-05-18 11:16:57,659 - ITSScraper - INFO - 1 results found for barcode 4013288190772
2019-05-18 11:17:00,719 - ITSScraper - DEBUG - Processing element: 154 of 349
2019-05-18 11:17:02,253 - ITSScraper - INFO - 1 results found for barcode 4013288190789
2019-05-18 11:17:05,641 - ITSScraper - DEBUG - Processing element: 155 of 349
2019-05-18 11:17:07,203 - ITSScraper - INFO - 1 results found for barcode 4013288173027
2019-05-18 11:17:11,093 - ITSScraper - DEBUG - Processing element: 156 of 349
2019-05-18 11:17:12,586 - ITSScraper - INFO - 1 results found for barcode 4013288173010
2019-05-18 11:17:16,236 - ITSScraper - DEBUG - Processing element: 157 of 349
2019-05-18 11:17:17,687 - ITSScraper - INFO - 0 results found for barcode 3253560626419
2019-05-18 11:17:17,687 - ITSScraper - DEBUG - Too many results, ignoring 3253560626419
2019-05-18 11:17:17,687 - ITSScraper - DEBUG - Processing element: 158 of 349
2019-05-18 11:17:19,289 - ITSScraper - INFO - 1 results found for barcode 3253560661212
2019-05-18 11:17:22,991 - ITSScraper - DEBUG - Processing element: 159 of 349
2019-05-18 11:17:24,530 - ITSScraper - INFO - 1 results found for barcode 4013288184238
2019-05-18 11:17:28,174 - ITSScraper - DEBUG - Processing element: 160 of 349
2019-05-18 11:17:30,471 - ITSScraper - INFO - 0 results found for barcode 3253560654900
2019-05-18 11:17:30,472 - ITSScraper - DEBUG - Too many results, ignoring 3253560654900
2019-05-18 11:17:30,472 - ITSScraper - DEBUG - Processing element: 161 of 349
2019-05-18 11:17:31,799 - ITSScraper - INFO - 2 results found for barcode 4013288004239
2019-05-18 11:17:31,799 - ITSScraper - DEBUG - Too many results, ignoring 4013288004239
2019-05-18 11:17:31,799 - ITSScraper - DEBUG - Processing element: 162 of 349
2019-05-18 11:17:33,123 - ITSScraper - INFO - 0 results found for barcode 4013288160188
2019-05-18 11:17:33,123 - ITSScraper - DEBUG - Too many results, ignoring 4013288160188
2019-05-18 11:17:33,123 - ITSScraper - DEBUG - Processing element: 163 of 349
2019-05-18 11:17:34,571 - ITSScraper - INFO - 1 results found for barcode 4013288160164
2019-05-18 11:17:36,908 - ITSScraper - DEBUG - Processing element: 164 of 349
2019-05-18 11:17:38,505 - ITSScraper - INFO - 0 results found for barcode 4013288160140
2019-05-18 11:17:38,506 - ITSScraper - DEBUG - Too many results, ignoring 4013288160140
2019-05-18 11:17:38,506 - ITSScraper - DEBUG - Processing element: 165 of 349
2019-05-18 11:17:39,934 - ITSScraper - INFO - 1 results found for barcode 4013288160126
2019-05-18 11:17:43,042 - ITSScraper - DEBUG - Processing element: 166 of 349
2019-05-18 11:17:44,522 - ITSScraper - INFO - 0 results found for barcode 4013288027306
2019-05-18 11:17:44,524 - ITSScraper - DEBUG - Too many results, ignoring 4013288027306
2019-05-18 11:17:44,524 - ITSScraper - DEBUG - Processing element: 167 of 349
2019-05-18 11:17:46,035 - ITSScraper - INFO - 0 results found for barcode 4013288029836
2019-05-18 11:17:46,035 - ITSScraper - DEBUG - Too many results, ignoring 4013288029836
2019-05-18 11:17:46,036 - ITSScraper - DEBUG - Processing element: 168 of 349
2019-05-18 11:17:48,074 - ITSScraper - INFO - 0 results found for barcode 4013288029843
2019-05-18 11:17:48,075 - ITSScraper - DEBUG - Too many results, ignoring 4013288029843
2019-05-18 11:17:48,075 - ITSScraper - DEBUG - Processing element: 169 of 349
2019-05-18 11:17:50,407 - ITSScraper - INFO - 1 results found for barcode 4013288160102
2019-05-18 11:17:54,883 - ITSScraper - DEBUG - Processing element: 170 of 349
2019-05-18 11:17:56,960 - ITSScraper - INFO - 0 results found for barcode 4013288027283
2019-05-18 11:17:56,961 - ITSScraper - DEBUG - Too many results, ignoring 4013288027283
2019-05-18 11:17:56,961 - ITSScraper - DEBUG - Processing element: 171 of 349
2019-05-18 11:17:58,480 - ITSScraper - INFO - 0 results found for barcode 5013433700602
2019-05-18 11:17:58,480 - ITSScraper - DEBUG - Too many results, ignoring 5013433700602
2019-05-18 11:17:58,480 - ITSScraper - DEBUG - Processing element: 172 of 349
2019-05-18 11:17:59,972 - ITSScraper - INFO - 2 results found for barcode 5010559095513
2019-05-18 11:17:59,973 - ITSScraper - DEBUG - Too many results, ignoring 5010559095513
2019-05-18 11:17:59,973 - ITSScraper - DEBUG - Processing element: 173 of 349
2019-05-18 11:18:01,556 - ITSScraper - INFO - 0 results found for barcode 5010559635108
2019-05-18 11:18:01,557 - ITSScraper - DEBUG - Too many results, ignoring 5010559635108
2019-05-18 11:18:01,557 - ITSScraper - DEBUG - Processing element: 174 of 349
2019-05-18 11:18:03,004 - ITSScraper - INFO - 0 results found for barcode 5032759007530
2019-05-18 11:18:03,004 - ITSScraper - DEBUG - Too many results, ignoring 5032759007530
2019-05-18 11:18:03,004 - ITSScraper - DEBUG - Processing element: 175 of 349
2019-05-18 11:18:04,474 - ITSScraper - INFO - 0 results found for barcode 3253560600303
2019-05-18 11:18:04,474 - ITSScraper - DEBUG - Too many results, ignoring 3253560600303
2019-05-18 11:18:04,475 - ITSScraper - DEBUG - Processing element: 176 of 349
2019-05-18 11:18:05,894 - ITSScraper - INFO - 0 results found for barcode 5032759011520
2019-05-18 11:18:05,895 - ITSScraper - DEBUG - Too many results, ignoring 5032759011520
2019-05-18 11:18:05,895 - ITSScraper - DEBUG - Processing element: 177 of 349
2019-05-18 11:18:07,410 - ITSScraper - INFO - 1 results found for barcode 45242294442
2019-05-18 11:18:11,413 - ITSScraper - DEBUG - Bad page barcode 45242294442
2019-05-18 11:18:11,413 - ITSScraper - DEBUG - Processing element: 178 of 349
2019-05-18 11:18:12,910 - ITSScraper - INFO - 0 results found for barcode 5032759025251
2019-05-18 11:18:12,911 - ITSScraper - DEBUG - Too many results, ignoring 5032759025251
2019-05-18 11:18:12,911 - ITSScraper - DEBUG - Processing element: 179 of 349
2019-05-18 11:18:14,381 - ITSScraper - INFO - 0 results found for barcode 4003955240879
2019-05-18 11:18:14,382 - ITSScraper - DEBUG - Too many results, ignoring 4003955240879
2019-05-18 11:18:14,382 - ITSScraper - DEBUG - Processing element: 180 of 349
2019-05-18 11:18:16,448 - ITSScraper - INFO - 27 results found for barcode -
2019-05-18 11:18:16,448 - ITSScraper - DEBUG - Too many results, ignoring -
2019-05-18 11:18:16,449 - ITSScraper - DEBUG - Processing element: 181 of 349
2019-05-18 11:18:17,909 - ITSScraper - INFO - 0 results found for barcode 3253560626419
2019-05-18 11:18:17,909 - ITSScraper - DEBUG - Too many results, ignoring 3253560626419
2019-05-18 11:18:17,910 - ITSScraper - DEBUG - Processing element: 182 of 349
2019-05-18 11:18:19,519 - ITSScraper - INFO - 0 results found for barcode 5010559737406
2019-05-18 11:18:19,520 - ITSScraper - DEBUG - Too many results, ignoring 5010559737406
2019-05-18 11:18:19,520 - ITSScraper - DEBUG - Processing element: 183 of 349
2019-05-18 11:18:20,892 - ITSScraper - INFO - 0 results found for barcode 4013288109699
2019-05-18 11:18:20,892 - ITSScraper - DEBUG - Too many results, ignoring 4013288109699
2019-05-18 11:18:20,892 - ITSScraper - DEBUG - Processing element: 184 of 349
2019-05-18 11:18:22,530 - ITSScraper - INFO - 0 results found for barcode 5010559491476
2019-05-18 11:18:22,530 - ITSScraper - DEBUG - Too many results, ignoring 5010559491476
2019-05-18 11:18:22,531 - ITSScraper - DEBUG - Processing element: 185 of 349
2019-05-18 11:18:24,099 - ITSScraper - INFO - 0 results found for barcode 4003773011798
2019-05-18 11:18:24,099 - ITSScraper - DEBUG - Too many results, ignoring 4003773011798
2019-05-18 11:18:24,099 - ITSScraper - DEBUG - Processing element: 186 of 349
2019-05-18 11:18:25,828 - ITSScraper - INFO - 1 results found for barcode 45242342181
2019-05-18 11:18:29,511 - ITSScraper - DEBUG - Bad page barcode 45242342181
2019-05-18 11:18:29,511 - ITSScraper - DEBUG - Processing element: 187 of 349
2019-05-18 11:18:31,261 - ITSScraper - INFO - 1 results found for barcode 45242342198
2019-05-18 11:18:34,509 - ITSScraper - DEBUG - Bad page barcode 45242342198
2019-05-18 11:18:34,509 - ITSScraper - DEBUG - Processing element: 188 of 349
2019-05-18 11:18:35,911 - ITSScraper - INFO - 0 results found for barcode 7617470814
2019-05-18 11:18:35,911 - ITSScraper - DEBUG - Too many results, ignoring 7617470814
2019-05-18 11:18:35,912 - ITSScraper - DEBUG - Processing element: 189 of 349
2019-05-18 11:18:37,213 - ITSScraper - INFO - 0 results found for barcode 4003773011750
2019-05-18 11:18:37,214 - ITSScraper - DEBUG - Too many results, ignoring 4003773011750
2019-05-18 11:18:37,214 - ITSScraper - DEBUG - Processing element: 190 of 349
2019-05-18 11:18:38,631 - ITSScraper - INFO - 1 results found for barcode 4003773012047
2019-05-18 11:18:42,977 - ITSScraper - DEBUG - Bad page barcode 4003773012047
2019-05-18 11:18:42,977 - ITSScraper - DEBUG - Processing element: 191 of 349
2019-05-18 11:18:44,508 - ITSScraper - INFO - 0 results found for barcode 4003773012023
2019-05-18 11:18:44,508 - ITSScraper - DEBUG - Too many results, ignoring 4003773012023
2019-05-18 11:18:44,509 - ITSScraper - DEBUG - Processing element: 192 of 349
2019-05-18 11:18:45,945 - ITSScraper - INFO - 0 results found for barcode 4003773014133
2019-05-18 11:18:45,945 - ITSScraper - DEBUG - Too many results, ignoring 4003773014133
2019-05-18 11:18:45,946 - ITSScraper - DEBUG - Processing element: 193 of 349
2019-05-18 11:18:47,312 - ITSScraper - INFO - 0 results found for barcode 4003773012061
2019-05-18 11:18:47,313 - ITSScraper - DEBUG - Too many results, ignoring 4003773012061
2019-05-18 11:18:47,313 - ITSScraper - DEBUG - Processing element: 194 of 349
2019-05-18 11:18:48,875 - ITSScraper - INFO - 0 results found for barcode 4003758565148
2019-05-18 11:18:48,876 - ITSScraper - DEBUG - Too many results, ignoring 4003758565148
2019-05-18 11:18:48,876 - ITSScraper - DEBUG - Processing element: 195 of 349
2019-05-18 11:18:50,497 - ITSScraper - INFO - 1 results found for barcode 4003773035695
2019-05-18 11:18:52,975 - ITSScraper - DEBUG - Bad page barcode 4003773035695
2019-05-18 11:18:52,976 - ITSScraper - DEBUG - Processing element: 196 of 349
2019-05-18 11:18:54,303 - ITSScraper - INFO - 0 results found for barcode 4003773060123
2019-05-18 11:18:54,304 - ITSScraper - DEBUG - Too many results, ignoring 4003773060123
2019-05-18 11:18:54,305 - ITSScraper - DEBUG - Processing element: 197 of 349
2019-05-18 11:18:55,620 - ITSScraper - INFO - 1 results found for barcode 45242342242
2019-05-18 11:18:58,381 - ITSScraper - DEBUG - Bad page barcode 45242342242
2019-05-18 11:18:58,381 - ITSScraper - DEBUG - Processing element: 198 of 349
2019-05-18 11:18:59,991 - ITSScraper - INFO - 1 results found for barcode 9341231001291
2019-05-18 11:19:03,660 - ITSScraper - DEBUG - Processing element: 199 of 349
2019-05-18 11:19:05,310 - ITSScraper - INFO - 0 results found for barcode 5060242338861
2019-05-18 11:19:05,311 - ITSScraper - DEBUG - Too many results, ignoring 5060242338861
2019-05-18 11:19:05,311 - ITSScraper - DEBUG - Processing element: 200 of 349
2019-05-18 11:19:06,640 - ITSScraper - INFO - 2 results found for barcode 5706915076769
2019-05-18 11:19:06,641 - ITSScraper - DEBUG - Too many results, ignoring 5706915076769
2019-05-18 11:19:06,641 - ITSScraper - DEBUG - Processing element: 201 of 349
2019-05-18 11:19:07,961 - ITSScraper - INFO - 1 results found for barcode 3253560474805
2019-05-18 11:19:11,694 - ITSScraper - DEBUG - Bad page barcode 3253560474805
2019-05-18 11:19:11,695 - ITSScraper - DEBUG - Processing element: 202 of 349
2019-05-18 11:19:13,508 - ITSScraper - INFO - 0 results found for barcode 4003773033080
2019-05-18 11:19:13,509 - ITSScraper - DEBUG - Too many results, ignoring 4003773033080
2019-05-18 11:19:13,509 - ITSScraper - DEBUG - Processing element: 203 of 349
2019-05-18 11:19:14,920 - ITSScraper - INFO - 0 results found for barcode 4003773071839
2019-05-18 11:19:14,920 - ITSScraper - DEBUG - Too many results, ignoring 4003773071839
2019-05-18 11:19:14,921 - ITSScraper - DEBUG - Processing element: 204 of 349
2019-05-18 11:19:16,275 - ITSScraper - INFO - 0 results found for barcode 4003758631126
2019-05-18 11:19:16,275 - ITSScraper - DEBUG - Too many results, ignoring 4003758631126
2019-05-18 11:19:16,275 - ITSScraper - DEBUG - Processing element: 205 of 349
2019-05-18 11:19:17,684 - ITSScraper - INFO - 0 results found for barcode 4003773077671
2019-05-18 11:19:17,684 - ITSScraper - DEBUG - Too many results, ignoring 4003773077671
2019-05-18 11:19:17,684 - ITSScraper - DEBUG - Processing element: 206 of 349
2019-05-18 11:19:19,352 - ITSScraper - INFO - 1 results found for barcode 25582156211
2019-05-18 11:19:22,131 - ITSScraper - DEBUG - Bad page barcode 25582156211
2019-05-18 11:19:22,131 - ITSScraper - DEBUG - Processing element: 207 of 349
2019-05-18 11:19:23,646 - ITSScraper - INFO - 0 results found for barcode 5055172701366
2019-05-18 11:19:23,646 - ITSScraper - DEBUG - Too many results, ignoring 5055172701366
2019-05-18 11:19:23,646 - ITSScraper - DEBUG - Processing element: 208 of 349
2019-05-18 11:19:25,055 - ITSScraper - INFO - 0 results found for barcode 5055172702264
2019-05-18 11:19:25,055 - ITSScraper - DEBUG - Too many results, ignoring 5055172702264
2019-05-18 11:19:25,055 - ITSScraper - DEBUG - Processing element: 209 of 349
2019-05-18 11:19:26,787 - ITSScraper - INFO - 1 results found for barcode 5013969051131
2019-05-18 11:19:30,734 - ITSScraper - DEBUG - Processing element: 210 of 349
2019-05-18 11:19:32,464 - ITSScraper - INFO - 0 results found for barcode 76174473735
2019-05-18 11:19:32,464 - ITSScraper - DEBUG - Too many results, ignoring 76174473735
2019-05-18 11:19:32,464 - ITSScraper - DEBUG - Processing element: 211 of 349
2019-05-18 11:19:33,739 - ITSScraper - INFO - 0 results found for barcode 76174473742
2019-05-18 11:19:33,739 - ITSScraper - DEBUG - Too many results, ignoring 76174473742
2019-05-18 11:19:33,739 - ITSScraper - DEBUG - Processing element: 212 of 349
2019-05-18 11:19:35,194 - ITSScraper - INFO - 1 results found for barcode 5706915076844
2019-05-18 11:19:37,763 - ITSScraper - DEBUG - Processing element: 213 of 349
2019-05-18 11:19:39,350 - ITSScraper - INFO - 1 results found for barcode 3253560476816
2019-05-18 11:19:41,908 - ITSScraper - DEBUG - Processing element: 214 of 349
2019-05-18 11:19:43,492 - ITSScraper - INFO - 0 results found for barcode 5706915081541
2019-05-18 11:19:43,493 - ITSScraper - DEBUG - Too many results, ignoring 5706915081541
2019-05-18 11:19:43,493 - ITSScraper - DEBUG - Processing element: 215 of 349
2019-05-18 11:19:45,400 - ITSScraper - INFO - 1 results found for barcode 45242356096
2019-05-18 11:19:48,580 - ITSScraper - DEBUG - Bad page barcode 45242356096
2019-05-18 11:19:48,582 - ITSScraper - DEBUG - Processing element: 216 of 349
2019-05-18 11:19:50,094 - ITSScraper - INFO - 0 results found for barcode 5013433950069
2019-05-18 11:19:50,095 - ITSScraper - DEBUG - Too many results, ignoring 5013433950069
2019-05-18 11:19:50,095 - ITSScraper - DEBUG - Processing element: 217 of 349
2019-05-18 11:19:51,900 - ITSScraper - INFO - 1 results found for barcode 45242342211
2019-05-18 11:19:55,450 - ITSScraper - DEBUG - Bad page barcode 45242342211
2019-05-18 11:19:55,450 - ITSScraper - DEBUG - Processing element: 218 of 349
2019-05-18 11:19:56,996 - ITSScraper - INFO - 0 results found for barcode 5013433970081
2019-05-18 11:19:56,996 - ITSScraper - DEBUG - Too many results, ignoring 5013433970081
2019-05-18 11:19:56,996 - ITSScraper - DEBUG - Processing element: 219 of 349
2019-05-18 11:19:58,569 - ITSScraper - INFO - 0 results found for barcode 5029594205405
2019-05-18 11:19:58,569 - ITSScraper - DEBUG - Too many results, ignoring 5029594205405
2019-05-18 11:19:58,569 - ITSScraper - DEBUG - Processing element: 220 of 349
2019-05-18 11:19:59,898 - ITSScraper - INFO - 0 results found for barcode 5024763178122
2019-05-18 11:19:59,898 - ITSScraper - DEBUG - Too many results, ignoring 5024763178122
2019-05-18 11:19:59,899 - ITSScraper - DEBUG - Processing element: 221 of 349
2019-05-18 11:20:01,345 - ITSScraper - INFO - 0 results found for barcode 5024763016189
2019-05-18 11:20:01,345 - ITSScraper - DEBUG - Too many results, ignoring 5024763016189
2019-05-18 11:20:01,345 - ITSScraper - DEBUG - Processing element: 222 of 349
2019-05-18 11:20:02,770 - ITSScraper - INFO - 0 results found for barcode 5024763016196
2019-05-18 11:20:02,770 - ITSScraper - DEBUG - Too many results, ignoring 5024763016196
2019-05-18 11:20:02,771 - ITSScraper - DEBUG - Processing element: 223 of 349
2019-05-18 11:20:04,054 - ITSScraper - INFO - 0 results found for barcode 5029594210379
2019-05-18 11:20:04,054 - ITSScraper - DEBUG - Too many results, ignoring 5029594210379
2019-05-18 11:20:04,055 - ITSScraper - DEBUG - Processing element: 224 of 349
2019-05-18 11:20:05,640 - ITSScraper - INFO - 1 results found for barcode 5024763146961
2019-05-18 11:20:08,568 - ITSScraper - DEBUG - Bad page barcode 5024763146961
2019-05-18 11:20:08,569 - ITSScraper - DEBUG - Processing element: 225 of 349
2019-05-18 11:20:09,972 - ITSScraper - INFO - 0 results found for barcode 24721649058
2019-05-18 11:20:09,973 - ITSScraper - DEBUG - Too many results, ignoring 24721649058
2019-05-18 11:20:09,973 - ITSScraper - DEBUG - Processing element: 226 of 349
2019-05-18 11:20:11,469 - ITSScraper - INFO - 0 results found for barcode 24721500120
2019-05-18 11:20:11,469 - ITSScraper - DEBUG - Too many results, ignoring 24721500120
2019-05-18 11:20:11,469 - ITSScraper - DEBUG - Processing element: 227 of 349
2019-05-18 11:20:12,907 - ITSScraper - INFO - 0 results found for barcode 3484203230520
2019-05-18 11:20:12,907 - ITSScraper - DEBUG - Too many results, ignoring 3484203230520
2019-05-18 11:20:12,907 - ITSScraper - DEBUG - Processing element: 228 of 349
2019-05-18 11:20:14,436 - ITSScraper - INFO - 0 results found for barcode 5010559115280
2019-05-18 11:20:14,436 - ITSScraper - DEBUG - Too many results, ignoring 5010559115280
2019-05-18 11:20:14,437 - ITSScraper - DEBUG - Processing element: 229 of 349
2019-05-18 11:20:16,116 - ITSScraper - INFO - 1 results found for barcode 4975364054357
2019-05-18 11:20:18,649 - ITSScraper - DEBUG - Bad page barcode 4975364054357
2019-05-18 11:20:18,649 - ITSScraper - DEBUG - Processing element: 230 of 349
2019-05-18 11:20:20,085 - ITSScraper - INFO - 1 results found for barcode 9341231001291
2019-05-18 11:20:22,913 - ITSScraper - DEBUG - Processing element: 231 of 349
2019-05-18 11:20:24,492 - ITSScraper - INFO - 1 results found for barcode 3253560422875
2019-05-18 11:20:26,758 - ITSScraper - DEBUG - Processing element: 232 of 349
2019-05-18 11:20:28,227 - ITSScraper - INFO - 1 results found for barcode 3253565980011
2019-05-18 11:20:30,697 - ITSScraper - DEBUG - Processing element: 233 of 349
2019-05-18 11:20:32,071 - ITSScraper - INFO - 0 results found for barcode 8412814119298
2019-05-18 11:20:32,071 - ITSScraper - DEBUG - Too many results, ignoring 8412814119298
2019-05-18 11:20:32,071 - ITSScraper - DEBUG - Processing element: 234 of 349
2019-05-18 11:20:33,438 - ITSScraper - INFO - 1 results found for barcode 7314150283378
2019-05-18 11:20:37,027 - ITSScraper - DEBUG - Bad page barcode 7314150283378
2019-05-18 11:20:37,027 - ITSScraper - DEBUG - Processing element: 235 of 349
2019-05-18 11:20:38,443 - ITSScraper - INFO - 1 results found for barcode 5013969704785
2019-05-18 11:20:41,586 - ITSScraper - DEBUG - Bad page barcode 5013969704785
2019-05-18 11:20:41,587 - ITSScraper - DEBUG - Processing element: 236 of 349
2019-05-18 11:20:42,995 - ITSScraper - INFO - 1 results found for barcode 5013969704808
2019-05-18 11:20:45,311 - ITSScraper - DEBUG - Processing element: 237 of 349
2019-05-18 11:20:46,704 - ITSScraper - INFO - 0 results found for barcode 5013433606027
2019-05-18 11:20:46,704 - ITSScraper - DEBUG - Too many results, ignoring 5013433606027
2019-05-18 11:20:46,705 - ITSScraper - DEBUG - Processing element: 238 of 349
2019-05-18 11:20:48,089 - ITSScraper - INFO - 2 results found for barcode 5010559095513
2019-05-18 11:20:48,089 - ITSScraper - DEBUG - Too many results, ignoring 5010559095513
2019-05-18 11:20:48,089 - ITSScraper - DEBUG - Processing element: 239 of 349
2019-05-18 11:20:49,415 - ITSScraper - INFO - 0 results found for barcode 5039197073196
2019-05-18 11:20:49,415 - ITSScraper - DEBUG - Too many results, ignoring 5039197073196
2019-05-18 11:20:49,415 - ITSScraper - DEBUG - Processing element: 240 of 349
2019-05-18 11:20:50,884 - ITSScraper - INFO - 1 results found for barcode 5013623210669
2019-05-18 11:20:54,328 - ITSScraper - DEBUG - Bad page barcode 5013623210669
2019-05-18 11:20:54,328 - ITSScraper - DEBUG - Processing element: 241 of 349
2019-05-18 11:20:56,037 - ITSScraper - INFO - 1 results found for barcode 5013623207409
2019-05-18 11:20:59,674 - ITSScraper - DEBUG - Processing element: 242 of 349
2019-05-18 11:21:01,048 - ITSScraper - INFO - 0 results found for barcode 9342649001446
2019-05-18 11:21:01,048 - ITSScraper - DEBUG - Too many results, ignoring 9342649001446
2019-05-18 11:21:01,048 - ITSScraper - DEBUG - Processing element: 243 of 349
2019-05-18 11:21:03,140 - ITSScraper - INFO - 0 results found for barcode 9342649001453
2019-05-18 11:21:03,140 - ITSScraper - DEBUG - Too many results, ignoring 9342649001453
2019-05-18 11:21:03,141 - ITSScraper - DEBUG - Processing element: 244 of 349
2019-05-18 11:21:04,472 - ITSScraper - INFO - 0 results found for barcode 5032759008865
2019-05-18 11:21:04,472 - ITSScraper - DEBUG - Too many results, ignoring 5032759008865
2019-05-18 11:21:04,472 - ITSScraper - DEBUG - Processing element: 245 of 349
2019-05-18 11:21:05,642 - ITSScraper - INFO - 1 results found for barcode 35965001090
2019-05-18 11:21:08,164 - ITSScraper - DEBUG - Processing element: 246 of 349
2019-05-18 11:21:09,667 - ITSScraper - INFO - 2 results found for barcode 35965003100
2019-05-18 11:21:09,667 - ITSScraper - DEBUG - Too many results, ignoring 35965003100
2019-05-18 11:21:09,667 - ITSScraper - DEBUG - Processing element: 247 of 349
2019-05-18 11:21:11,038 - ITSScraper - INFO - 1 results found for barcode 5060242330629
2019-05-18 11:21:14,887 - ITSScraper - DEBUG - Processing element: 248 of 349
2019-05-18 11:21:16,201 - ITSScraper - INFO - 1 results found for barcode 5060242330612
2019-05-18 11:21:19,836 - ITSScraper - DEBUG - Processing element: 249 of 349
2019-05-18 11:21:21,262 - ITSScraper - INFO - 1 results found for barcode 5060242330605
2019-05-18 11:21:25,541 - ITSScraper - DEBUG - Processing element: 250 of 349
2019-05-18 11:21:26,940 - ITSScraper - INFO - 0 results found for barcode 5013693862560
2019-05-18 11:21:26,940 - ITSScraper - DEBUG - Too many results, ignoring 5013693862560
2019-05-18 11:21:26,940 - ITSScraper - DEBUG - Processing element: 251 of 349
2019-05-18 11:21:28,305 - ITSScraper - INFO - 1 results found for barcode 9341231040153
2019-05-18 11:21:31,523 - ITSScraper - DEBUG - Bad page barcode 9341231040153
2019-05-18 11:21:31,524 - ITSScraper - DEBUG - Processing element: 252 of 349
2019-05-18 11:21:33,030 - ITSScraper - INFO - 1 results found for barcode 9341231040160
2019-05-18 11:21:35,727 - ITSScraper - DEBUG - Bad page barcode 9341231040160
2019-05-18 11:21:35,727 - ITSScraper - DEBUG - Processing element: 253 of 349
2019-05-18 11:21:37,150 - ITSScraper - INFO - 0 results found for barcode 5023969270326
2019-05-18 11:21:37,150 - ITSScraper - DEBUG - Too many results, ignoring 5023969270326
2019-05-18 11:21:37,150 - ITSScraper - DEBUG - Processing element: 254 of 349
2019-05-18 11:21:38,506 - ITSScraper - INFO - 1 results found for barcode 35965044226
2019-05-18 11:21:42,346 - ITSScraper - DEBUG - Bad page barcode 35965044226
2019-05-18 11:21:42,346 - ITSScraper - DEBUG - Processing element: 255 of 349
2019-05-18 11:21:43,587 - ITSScraper - INFO - 0 results found for barcode 99713158139
2019-05-18 11:21:43,588 - ITSScraper - DEBUG - Too many results, ignoring 99713158139
2019-05-18 11:21:43,588 - ITSScraper - DEBUG - Processing element: 256 of 349
2019-05-18 11:21:44,890 - ITSScraper - INFO - 1 results found for barcode 3253562205568
2019-05-18 11:21:47,373 - ITSScraper - DEBUG - Processing element: 257 of 349
2019-05-18 11:21:48,862 - ITSScraper - INFO - 1 results found for barcode 3253560205591
2019-05-18 11:21:52,734 - ITSScraper - DEBUG - Processing element: 258 of 349
2019-05-18 11:21:54,170 - ITSScraper - INFO - 0 results found for barcode 8023022061
2019-05-18 11:21:54,170 - ITSScraper - DEBUG - Too many results, ignoring 8023022061
2019-05-18 11:21:54,170 - ITSScraper - DEBUG - Processing element: 259 of 349
2019-05-18 11:21:55,668 - ITSScraper - INFO - 1 results found for barcode 45242480555
2019-05-18 11:21:59,503 - ITSScraper - DEBUG - Bad page barcode 45242480555
2019-05-18 11:21:59,503 - ITSScraper - DEBUG - Processing element: 260 of 349
2019-05-18 11:22:01,440 - ITSScraper - INFO - 1 results found for barcode 5706915057058
2019-05-18 11:22:04,818 - ITSScraper - DEBUG - Processing element: 261 of 349
2019-05-18 11:22:06,489 - ITSScraper - INFO - 0 results found for barcode 5010559029457
2019-05-18 11:22:06,489 - ITSScraper - DEBUG - Too many results, ignoring 5010559029457
2019-05-18 11:22:06,489 - ITSScraper - DEBUG - Processing element: 262 of 349
2019-05-18 11:22:08,181 - ITSScraper - INFO - 0 results found for barcode 5060242338717
2019-05-18 11:22:08,181 - ITSScraper - DEBUG - Too many results, ignoring 5060242338717
2019-05-18 11:22:08,182 - ITSScraper - DEBUG - Processing element: 263 of 349
2019-05-18 11:22:09,913 - ITSScraper - INFO - 0 results found for barcode 37103278685
2019-05-18 11:22:09,914 - ITSScraper - DEBUG - Too many results, ignoring 37103278685
2019-05-18 11:22:09,914 - ITSScraper - DEBUG - Processing element: 264 of 349
2019-05-18 11:22:11,311 - ITSScraper - INFO - 0 results found for barcode 5023969211565
2019-05-18 11:22:11,311 - ITSScraper - DEBUG - Too many results, ignoring 5023969211565
2019-05-18 11:22:11,312 - ITSScraper - DEBUG - Processing element: 265 of 349
2019-05-18 11:22:13,310 - ITSScraper - INFO - 0 results found for barcode 3253560208073
2019-05-18 11:22:13,313 - ITSScraper - DEBUG - Too many results, ignoring 3253560208073
2019-05-18 11:22:13,313 - ITSScraper - DEBUG - Processing element: 266 of 349
2019-05-18 11:22:15,044 - ITSScraper - INFO - 0 results found for barcode 37103202772
2019-05-18 11:22:15,045 - ITSScraper - DEBUG - Too many results, ignoring 37103202772
2019-05-18 11:22:15,045 - ITSScraper - DEBUG - Processing element: 267 of 349
2019-05-18 11:22:16,497 - ITSScraper - INFO - 1 results found for barcode 38548001715
2019-05-18 11:22:18,814 - ITSScraper - DEBUG - Bad page barcode 38548001715
2019-05-18 11:22:18,814 - ITSScraper - DEBUG - Processing element: 268 of 349
2019-05-18 11:22:20,183 - ITSScraper - INFO - 1 results found for barcode 5706915071900
2019-05-18 11:22:22,720 - ITSScraper - DEBUG - Processing element: 269 of 349
2019-05-18 11:22:24,194 - ITSScraper - INFO - 0 results found for barcode 5018341560959
2019-05-18 11:22:24,195 - ITSScraper - DEBUG - Too many results, ignoring 5018341560959
2019-05-18 11:22:24,195 - ITSScraper - DEBUG - Processing element: 270 of 349
2019-05-18 11:22:26,374 - ITSScraper - INFO - 27 results found for barcode -
2019-05-18 11:22:26,375 - ITSScraper - DEBUG - Too many results, ignoring -
2019-05-18 11:22:26,376 - ITSScraper - DEBUG - Processing element: 271 of 349
2019-05-18 11:22:27,671 - ITSScraper - INFO - 1 results found for barcode 38548001517
2019-05-18 11:22:29,984 - ITSScraper - DEBUG - Bad page barcode 38548001517
2019-05-18 11:22:29,985 - ITSScraper - DEBUG - Processing element: 272 of 349
2019-05-18 11:22:31,422 - ITSScraper - INFO - 1 results found for barcode 5706915076950
2019-05-18 11:22:34,832 - ITSScraper - DEBUG - Processing element: 273 of 349
2019-05-18 11:22:36,352 - ITSScraper - INFO - 1 results found for barcode 3253560107789
2019-05-18 11:22:40,417 - ITSScraper - DEBUG - Processing element: 274 of 349
2019-05-18 11:22:41,797 - ITSScraper - INFO - 0 results found for barcode 5018341056766
2019-05-18 11:22:41,797 - ITSScraper - DEBUG - Too many results, ignoring 5018341056766
2019-05-18 11:22:41,797 - ITSScraper - DEBUG - Processing element: 275 of 349
2019-05-18 11:22:43,167 - ITSScraper - INFO - 1 results found for barcode 3253560105020
2019-05-18 11:22:47,009 - ITSScraper - DEBUG - Processing element: 276 of 349
2019-05-18 11:22:48,376 - ITSScraper - INFO - 1 results found for barcode 3253565213980
2019-05-18 11:23:02,572 - ITSScraper - DEBUG - Processing element: 277 of 349
2019-05-18 11:23:04,082 - ITSScraper - INFO - 1 results found for barcode 3253565212938
2019-05-18 11:23:09,070 - ITSScraper - DEBUG - Processing element: 278 of 349
2019-05-18 11:23:10,626 - ITSScraper - INFO - 1 results found for barcode 35965143899
2019-05-18 11:23:15,621 - ITSScraper - DEBUG - Processing element: 279 of 349
2019-05-18 11:23:17,072 - ITSScraper - INFO - 1 results found for barcode 35965143905
2019-05-18 11:23:20,727 - ITSScraper - DEBUG - Bad page barcode 35965143905
2019-05-18 11:23:20,727 - ITSScraper - DEBUG - Processing element: 280 of 349
2019-05-18 11:23:22,233 - ITSScraper - INFO - 0 results found for barcode 3253560203313
2019-05-18 11:23:22,233 - ITSScraper - DEBUG - Too many results, ignoring 3253560203313
2019-05-18 11:23:22,233 - ITSScraper - DEBUG - Processing element: 281 of 349
2019-05-18 11:23:23,987 - ITSScraper - INFO - 1 results found for barcode 4975364056665
2019-05-18 11:23:26,894 - ITSScraper - DEBUG - Processing element: 282 of 349
2019-05-18 11:23:28,471 - ITSScraper - INFO - 1 results found for barcode 88381519267
2019-05-18 11:23:31,104 - ITSScraper - DEBUG - Processing element: 283 of 349
2019-05-18 11:23:32,543 - ITSScraper - INFO - 1 results found for barcode 45242367047
2019-05-18 11:23:37,082 - ITSScraper - DEBUG - Bad page barcode 45242367047
2019-05-18 11:23:37,083 - ITSScraper - DEBUG - Processing element: 284 of 349
2019-05-18 11:23:38,490 - ITSScraper - INFO - 0 results found for barcode 5029594628457
2019-05-18 11:23:38,490 - ITSScraper - DEBUG - Too many results, ignoring 5029594628457
2019-05-18 11:23:38,491 - ITSScraper - DEBUG - Processing element: 285 of 349
2019-05-18 11:23:39,933 - ITSScraper - INFO - 3 results found for barcode 5706915042375
2019-05-18 11:23:39,933 - ITSScraper - DEBUG - Too many results, ignoring 5706915042375
2019-05-18 11:23:39,933 - ITSScraper - DEBUG - Processing element: 286 of 349
2019-05-18 11:23:41,335 - ITSScraper - INFO - 0 results found for barcode 3253560716998
2019-05-18 11:23:41,335 - ITSScraper - DEBUG - Too many results, ignoring 3253560716998
2019-05-18 11:23:41,336 - ITSScraper - DEBUG - Processing element: 287 of 349
2019-05-18 11:23:42,819 - ITSScraper - INFO - 2 results found for barcode 5055172702769
2019-05-18 11:23:42,820 - ITSScraper - DEBUG - Too many results, ignoring 5055172702769
2019-05-18 11:23:42,820 - ITSScraper - DEBUG - Processing element: 288 of 349
2019-05-18 11:23:44,277 - ITSScraper - INFO - 1 results found for barcode 3253565211047
2019-05-18 11:23:48,330 - ITSScraper - DEBUG - Processing element: 289 of 349
2019-05-18 11:23:49,750 - ITSScraper - INFO - 2 results found for barcode 3253560106010
2019-05-18 11:23:49,750 - ITSScraper - DEBUG - Too many results, ignoring 3253560106010
2019-05-18 11:23:49,751 - ITSScraper - DEBUG - Processing element: 290 of 349
2019-05-18 11:23:51,878 - ITSScraper - INFO - 0 results found for barcode 5010559244249
2019-05-18 11:23:51,878 - ITSScraper - DEBUG - Too many results, ignoring 5010559244249
2019-05-18 11:23:51,879 - ITSScraper - DEBUG - Processing element: 291 of 349
2019-05-18 11:23:53,186 - ITSScraper - INFO - 1 results found for barcode 4975364019585
2019-05-18 11:23:55,564 - ITSScraper - DEBUG - Bad page barcode 4975364019585
2019-05-18 11:23:55,564 - ITSScraper - DEBUG - Processing element: 292 of 349
2019-05-18 11:23:57,166 - ITSScraper - INFO - 1 results found for barcode 4975364019578
2019-05-18 11:23:59,549 - ITSScraper - DEBUG - Processing element: 293 of 349
2019-05-18 11:24:01,352 - ITSScraper - INFO - 1 results found for barcode 4975364014276
2019-05-18 11:24:04,561 - ITSScraper - DEBUG - Processing element: 294 of 349
2019-05-18 11:24:05,876 - ITSScraper - INFO - 0 results found for barcode 5060063224183
2019-05-18 11:24:05,877 - ITSScraper - DEBUG - Too many results, ignoring 5060063224183
2019-05-18 11:24:05,877 - ITSScraper - DEBUG - Processing element: 295 of 349
2019-05-18 11:24:07,114 - ITSScraper - INFO - 0 results found for barcode 7064663225807
2019-05-18 11:24:07,114 - ITSScraper - DEBUG - Too many results, ignoring 7064663225807
2019-05-18 11:24:07,115 - ITSScraper - DEBUG - Processing element: 296 of 349
2019-05-18 11:24:08,382 - ITSScraper - INFO - 0 results found for barcode 5018341559953
2019-05-18 11:24:08,382 - ITSScraper - DEBUG - Too many results, ignoring 5018341559953
2019-05-18 11:24:08,382 - ITSScraper - DEBUG - Processing element: 297 of 349
2019-05-18 11:24:09,692 - ITSScraper - INFO - 0 results found for barcode 4029113825252
2019-05-18 11:24:09,692 - ITSScraper - DEBUG - Too many results, ignoring 4029113825252
2019-05-18 11:24:09,692 - ITSScraper - DEBUG - Processing element: 298 of 349
2019-05-18 11:24:11,069 - ITSScraper - INFO - 0 results found for barcode 5060063222905
2019-05-18 11:24:11,069 - ITSScraper - DEBUG - Too many results, ignoring 5060063222905
2019-05-18 11:24:11,069 - ITSScraper - DEBUG - Processing element: 299 of 349
2019-05-18 11:24:12,533 - ITSScraper - INFO - 0 results found for barcode 4029113761352
2019-05-18 11:24:12,534 - ITSScraper - DEBUG - Too many results, ignoring 4029113761352
2019-05-18 11:24:12,534 - ITSScraper - DEBUG - Processing element: 300 of 349
2019-05-18 11:24:13,931 - ITSScraper - INFO - 0 results found for barcode 5060063222943
2019-05-18 11:24:13,931 - ITSScraper - DEBUG - Too many results, ignoring 5060063222943
2019-05-18 11:24:13,932 - ITSScraper - DEBUG - Processing element: 301 of 349
2019-05-18 11:24:15,185 - ITSScraper - INFO - 1 results found for barcode 5060063225708
2019-05-18 11:24:17,668 - ITSScraper - DEBUG - Bad page barcode 5060063225708
2019-05-18 11:24:17,669 - ITSScraper - DEBUG - Processing element: 302 of 349
2019-05-18 11:24:19,099 - ITSScraper - INFO - 0 results found for barcode 84871314930
2019-05-18 11:24:19,099 - ITSScraper - DEBUG - Too many results, ignoring 84871314930
2019-05-18 11:24:19,099 - ITSScraper - DEBUG - Processing element: 303 of 349
2019-05-18 11:24:20,300 - ITSScraper - INFO - 0 results found for barcode 84871314756
2019-05-18 11:24:20,301 - ITSScraper - DEBUG - Too many results, ignoring 84871314756
2019-05-18 11:24:20,301 - ITSScraper - DEBUG - Processing element: 304 of 349
2019-05-18 11:24:21,886 - ITSScraper - INFO - 0 results found for barcode 4007123626267
2019-05-18 11:24:21,886 - ITSScraper - DEBUG - Too many results, ignoring 4007123626267
2019-05-18 11:24:21,886 - ITSScraper - DEBUG - Processing element: 305 of 349
2019-05-18 11:24:23,131 - ITSScraper - INFO - 1 results found for barcode 5060063222790
2019-05-18 11:24:25,601 - ITSScraper - DEBUG - Bad page barcode 5060063222790
2019-05-18 11:24:25,601 - ITSScraper - DEBUG - Processing element: 306 of 349
2019-05-18 11:24:27,574 - ITSScraper - INFO - 1 results found for barcode 5060063223742
2019-05-18 11:24:29,880 - ITSScraper - DEBUG - Processing element: 307 of 349
2019-05-18 11:24:31,276 - ITSScraper - INFO - 1 results found for barcode 5060063223735
2019-05-18 11:24:33,496 - ITSScraper - DEBUG - Bad page barcode 5060063223735
2019-05-18 11:24:33,497 - ITSScraper - DEBUG - Processing element: 308 of 349
2019-05-18 11:24:35,071 - ITSScraper - INFO - 0 results found for barcode 5060063225555
2019-05-18 11:24:35,071 - ITSScraper - DEBUG - Too many results, ignoring 5060063225555
2019-05-18 11:24:35,072 - ITSScraper - DEBUG - Processing element: 309 of 349
2019-05-18 11:24:36,869 - ITSScraper - INFO - 0 results found for barcode 9342649000456
2019-05-18 11:24:36,869 - ITSScraper - DEBUG - Too many results, ignoring 9342649000456
2019-05-18 11:24:36,870 - ITSScraper - DEBUG - Processing element: 310 of 349
2019-05-18 11:24:38,322 - ITSScraper - INFO - 1 results found for barcode 5010559430987
2019-05-18 11:24:41,393 - ITSScraper - DEBUG - Bad page barcode 5010559430987
2019-05-18 11:24:41,394 - ITSScraper - DEBUG - Processing element: 311 of 349
2019-05-18 11:24:42,851 - ITSScraper - INFO - 0 results found for barcode 9342649001859
2019-05-18 11:24:42,851 - ITSScraper - DEBUG - Too many results, ignoring 9342649001859
2019-05-18 11:24:42,852 - ITSScraper - DEBUG - Processing element: 312 of 349
2019-05-18 11:24:44,134 - ITSScraper - INFO - 0 results found for barcode 9342649001583
2019-05-18 11:24:44,134 - ITSScraper - DEBUG - Too many results, ignoring 9342649001583
2019-05-18 11:24:44,134 - ITSScraper - DEBUG - Processing element: 313 of 349
2019-05-18 11:24:45,474 - ITSScraper - INFO - 0 results found for barcode 5000394018457
2019-05-18 11:24:45,475 - ITSScraper - DEBUG - Too many results, ignoring 5000394018457
2019-05-18 11:24:45,475 - ITSScraper - DEBUG - Processing element: 314 of 349
2019-05-18 11:24:46,867 - ITSScraper - INFO - 0 results found for barcode 5023969306612
2019-05-18 11:24:46,867 - ITSScraper - DEBUG - Too many results, ignoring 5023969306612
2019-05-18 11:24:46,868 - ITSScraper - DEBUG - Processing element: 315 of 349
2019-05-18 11:24:48,250 - ITSScraper - INFO - 1 results found for barcode 5000394002241
2019-05-18 11:24:50,665 - ITSScraper - DEBUG - Bad page barcode 5000394002241
2019-05-18 11:24:50,665 - ITSScraper - DEBUG - Processing element: 316 of 349
2019-05-18 11:24:52,206 - ITSScraper - INFO - 0 results found for barcode 5023969306650
2019-05-18 11:24:52,207 - ITSScraper - DEBUG - Too many results, ignoring 5023969306650
2019-05-18 11:24:52,207 - ITSScraper - DEBUG - Processing element: 317 of 349
2019-05-18 11:24:53,801 - ITSScraper - INFO - 1 results found for barcode 5000394019157
2019-05-18 11:24:58,223 - ITSScraper - DEBUG - Bad page barcode 5000394019157
2019-05-18 11:24:58,223 - ITSScraper - DEBUG - Processing element: 318 of 349
2019-05-18 11:25:00,014 - ITSScraper - INFO - 1 results found for barcode 3165140600798
2019-05-18 11:25:02,682 - ITSScraper - DEBUG - Bad page barcode 3165140600798
2019-05-18 11:25:02,682 - ITSScraper - DEBUG - Processing element: 319 of 349
2019-05-18 11:25:04,656 - ITSScraper - INFO - 0 results found for barcode 4007123632725
2019-05-18 11:25:04,657 - ITSScraper - DEBUG - Too many results, ignoring 4007123632725
2019-05-18 11:25:04,657 - ITSScraper - DEBUG - Processing element: 320 of 349
2019-05-18 11:25:06,165 - ITSScraper - INFO - 0 results found for barcode 4975364047816
2019-05-18 11:25:06,165 - ITSScraper - DEBUG - Too many results, ignoring 4975364047816
2019-05-18 11:25:06,165 - ITSScraper - DEBUG - Processing element: 321 of 349
2019-05-18 11:25:07,929 - ITSScraper - INFO - 1 results found for barcode 3165140560108
2019-05-18 11:25:12,208 - ITSScraper - DEBUG - Processing element: 322 of 349
2019-05-18 11:25:13,644 - ITSScraper - INFO - 0 results found for barcode 4975364047816
2019-05-18 11:25:13,645 - ITSScraper - DEBUG - Too many results, ignoring 4975364047816
2019-05-18 11:25:13,645 - ITSScraper - DEBUG - Processing element: 323 of 349
2019-05-18 11:25:15,283 - ITSScraper - INFO - 1 results found for barcode 4030293182592
2019-05-18 11:25:19,896 - ITSScraper - DEBUG - Processing element: 324 of 349
2019-05-18 11:25:21,340 - ITSScraper - INFO - 0 results found for barcode 5019200122226
2019-05-18 11:25:21,341 - ITSScraper - DEBUG - Too many results, ignoring 5019200122226
2019-05-18 11:25:21,341 - ITSScraper - DEBUG - Processing element: 325 of 349
2019-05-18 11:25:22,646 - ITSScraper - INFO - 0 results found for barcode 5019200108381
2019-05-18 11:25:22,646 - ITSScraper - DEBUG - Too many results, ignoring 5019200108381
2019-05-18 11:25:22,646 - ITSScraper - DEBUG - Processing element: 326 of 349
2019-05-18 11:25:23,991 - ITSScraper - INFO - 0 results found for barcode 5011787000300
2019-05-18 11:25:23,991 - ITSScraper - DEBUG - Too many results, ignoring 5011787000300
2019-05-18 11:25:23,992 - ITSScraper - DEBUG - Processing element: 327 of 349
2019-05-18 11:25:25,420 - ITSScraper - INFO - 0 results found for barcode 5060172010738
2019-05-18 11:25:25,420 - ITSScraper - DEBUG - Too many results, ignoring 5060172010738
2019-05-18 11:25:25,420 - ITSScraper - DEBUG - Processing element: 328 of 349
2019-05-18 11:25:26,668 - ITSScraper - INFO - 1 results found for barcode 5060172010820
2019-05-18 11:25:30,240 - ITSScraper - DEBUG - Bad page barcode 5060172010820
2019-05-18 11:25:30,240 - ITSScraper - DEBUG - Processing element: 329 of 349
2019-05-18 11:25:31,645 - ITSScraper - INFO - 1 results found for barcode 5055058108937
2019-05-18 11:25:34,770 - ITSScraper - DEBUG - Processing element: 330 of 349
2019-05-18 11:25:36,448 - ITSScraper - INFO - 1 results found for barcode 5023969306193
2019-05-18 11:25:39,206 - ITSScraper - DEBUG - Bad page barcode 5023969306193
2019-05-18 11:25:39,207 - ITSScraper - DEBUG - Processing element: 331 of 349
2019-05-18 11:25:40,917 - ITSScraper - INFO - 1 results found for barcode 5060172010134
2019-05-18 11:25:44,036 - ITSScraper - DEBUG - Processing element: 332 of 349
2019-05-18 11:25:45,467 - ITSScraper - INFO - 1 results found for barcode 5060172010127
2019-05-18 11:25:48,352 - ITSScraper - DEBUG - Processing element: 333 of 349
2019-05-18 11:25:50,044 - ITSScraper - INFO - 1 results found for barcode 5060172010141
2019-05-18 11:25:53,976 - ITSScraper - DEBUG - Processing element: 334 of 349
2019-05-18 11:25:55,390 - ITSScraper - INFO - 0 results found for barcode 5019200004140
2019-05-18 11:25:55,390 - ITSScraper - DEBUG - Too many results, ignoring 5019200004140
2019-05-18 11:25:55,391 - ITSScraper - DEBUG - Processing element: 335 of 349
2019-05-18 11:25:58,730 - ITSScraper - INFO - 27 results found for barcode Demo - please subscribe to full version
2019-05-18 11:25:58,731 - ITSScraper - DEBUG - Too many results, ignoring Demo - please subscribe to full version
2019-05-18 11:25:58,732 - ITSScraper - DEBUG - Processing element: 336 of 349
2019-05-18 11:26:00,463 - ITSScraper - INFO - 0 results found for barcode 3253561984600
2019-05-18 11:26:00,464 - ITSScraper - DEBUG - Too many results, ignoring 3253561984600
2019-05-18 11:26:00,464 - ITSScraper - DEBUG - Processing element: 337 of 349
2019-05-18 11:26:02,018 - ITSScraper - INFO - 0 results found for barcode 7610594000084
2019-05-18 11:26:02,018 - ITSScraper - DEBUG - Too many results, ignoring 7610594000084
2019-05-18 11:26:02,019 - ITSScraper - DEBUG - Processing element: 338 of 349
2019-05-18 11:26:03,819 - ITSScraper - INFO - 0 results found for barcode 7610594000053
2019-05-18 11:26:03,819 - ITSScraper - DEBUG - Too many results, ignoring 7610594000053
2019-05-18 11:26:03,820 - ITSScraper - DEBUG - Processing element: 339 of 349
2019-05-18 11:26:05,477 - ITSScraper - INFO - 0 results found for barcode 5010305056300
2019-05-18 11:26:05,477 - ITSScraper - DEBUG - Too many results, ignoring 5010305056300
2019-05-18 11:26:05,478 - ITSScraper - DEBUG - Processing element: 340 of 349
2019-05-18 11:26:07,163 - ITSScraper - INFO - 0 results found for barcode 5010266253473
2019-05-18 11:26:07,163 - ITSScraper - DEBUG - Too many results, ignoring 5010266253473
2019-05-18 11:26:07,163 - ITSScraper - DEBUG - Processing element: 341 of 349
2019-05-18 11:26:08,801 - ITSScraper - INFO - 0 results found for barcode 5060242337895
2019-05-18 11:26:08,802 - ITSScraper - DEBUG - Too many results, ignoring 5060242337895
2019-05-18 11:26:08,802 - ITSScraper - DEBUG - Processing element: 342 of 349
2019-05-18 11:26:10,252 - ITSScraper - INFO - 0 results found for barcode 24721500076
2019-05-18 11:26:10,253 - ITSScraper - DEBUG - Too many results, ignoring 24721500076
2019-05-18 11:26:10,253 - ITSScraper - DEBUG - Processing element: 343 of 349
2019-05-18 11:26:11,767 - ITSScraper - INFO - 0 results found for barcode 3253561478215
2019-05-18 11:26:11,768 - ITSScraper - DEBUG - Too many results, ignoring 3253561478215
2019-05-18 11:26:11,768 - ITSScraper - DEBUG - Processing element: 344 of 349
2019-05-18 11:26:13,126 - ITSScraper - INFO - 0 results found for barcode 3253561478222
2019-05-18 11:26:13,126 - ITSScraper - DEBUG - Too many results, ignoring 3253561478222
2019-05-18 11:26:13,127 - ITSScraper - DEBUG - Processing element: 345 of 349
2019-05-18 11:26:14,538 - ITSScraper - INFO - 0 results found for barcode 5060242337901
2019-05-18 11:26:14,539 - ITSScraper - DEBUG - Too many results, ignoring 5060242337901
2019-05-18 11:26:14,539 - ITSScraper - DEBUG - Processing element: 346 of 349
2019-05-18 11:26:15,917 - ITSScraper - INFO - 2 results found for barcode 7314150128693
2019-05-18 11:26:15,917 - ITSScraper - DEBUG - Too many results, ignoring 7314150128693
2019-05-18 11:26:15,917 - ITSScraper - DEBUG - Processing element: 347 of 349
2019-05-18 11:26:17,311 - ITSScraper - INFO - 0 results found for barcode 24721500120
2019-05-18 11:26:17,311 - ITSScraper - DEBUG - Too many results, ignoring 24721500120
2019-05-18 11:26:17,311 - ITSScraper - DEBUG - Processing element: 348 of 349
2019-05-18 11:26:18,933 - ITSScraper - INFO - 27 results found for barcode -
2019-05-18 11:26:18,933 - ITSScraper - DEBUG - Too many results, ignoring -
